{"/home/travis/build/npmtest/node-npmtest-apidoc/test.js":{"path":"/home/travis/build/npmtest/node-npmtest-apidoc/test.js","s":{"1":2,"2":2,"3":2,"4":2,"5":2,"6":2,"7":2,"8":1,"9":2,"10":2,"11":1,"12":1,"13":1,"14":1,"15":2,"16":2,"17":2,"18":2,"19":1,"20":1,"21":2,"22":2,"23":2,"24":1,"25":1,"26":1,"27":1,"28":1,"29":1,"30":1,"31":1,"32":1,"33":1,"34":1,"35":1,"36":1,"37":1,"38":1,"39":2,"40":2,"41":1,"42":2,"43":2,"44":1,"45":2,"46":2,"47":1,"48":2,"49":2,"50":1,"51":1,"52":1,"53":1,"54":1},"b":{"1":[2,1,1,1],"2":[1,1,1,1],"3":[1,1],"4":[1,1],"5":[1,1],"6":[1,1],"7":[1,1],"8":[1,1],"9":[1,1],"10":[1,1,1],"11":[1,1],"12":[1,1],"13":[1,1],"14":[1,1],"15":[1,1],"16":[1,1],"17":[1,1]},"f":{"1":2,"2":2,"3":2,"4":2,"5":2,"6":1,"7":1,"8":1,"9":2,"10":2,"11":2,"12":2,"13":1},"fnMap":{"1":{"name":"(anonymous_1)","line":12,"loc":{"start":{"line":12,"column":1},"end":{"line":12,"column":13}}},"2":{"name":"(anonymous_2)","line":19,"loc":{"start":{"line":19,"column":5},"end":{"line":19,"column":17}}},"3":{"name":"(anonymous_3)","line":23,"loc":{"start":{"line":23,"column":24},"end":{"line":23,"column":36}}},"4":{"name":"(anonymous_4)","line":61,"loc":{"start":{"line":61,"column":5},"end":{"line":61,"column":17}}},"5":{"name":"(anonymous_5)","line":82,"loc":{"start":{"line":82,"column":5},"end":{"line":82,"column":17}}},"6":{"name":"(anonymous_6)","line":91,"loc":{"start":{"line":91,"column":77},"end":{"line":94,"column":10}}},"7":{"name":"(anonymous_7)","line":112,"loc":{"start":{"line":112,"column":83},"end":{"line":115,"column":10}},"skip":true},"8":{"name":"(anonymous_8)","line":123,"loc":{"start":{"line":123,"column":77},"end":{"line":126,"column":10}},"skip":true},"9":{"name":"(anonymous_9)","line":139,"loc":{"start":{"line":139,"column":12},"end":{"line":139,"column":40}},"skip":true},"10":{"name":"(anonymous_10)","line":147,"loc":{"start":{"line":147,"column":77},"end":{"line":150,"column":10}},"skip":true},"11":{"name":"(anonymous_11)","line":158,"loc":{"start":{"line":158,"column":83},"end":{"line":161,"column":10}},"skip":true},"12":{"name":"(anonymous_12)","line":169,"loc":{"start":{"line":169,"column":79},"end":{"line":172,"column":10}},"skip":true},"13":{"name":"(anonymous_13)","line":180,"loc":{"start":{"line":180,"column":75},"end":{"line":183,"column":10}},"skip":true}},"statementMap":{"1":{"start":{"line":12,"column":0},"end":{"line":195,"column":5}},"2":{"start":{"line":14,"column":4},"end":{"line":14,"column":14}},"3":{"start":{"line":19,"column":4},"end":{"line":56,"column":9}},"4":{"start":{"line":21,"column":8},"end":{"line":21,"column":19}},"5":{"start":{"line":23,"column":8},"end":{"line":35,"column":13}},"6":{"start":{"line":24,"column":12},"end":{"line":34,"column":13}},"7":{"start":{"line":25,"column":16},"end":{"line":28,"column":30}},"8":{"start":{"line":30,"column":16},"end":{"line":33,"column":27}},"9":{"start":{"line":37,"column":8},"end":{"line":39,"column":21}},"10":{"start":{"line":40,"column":8},"end":{"line":53,"column":9}},"11":{"start":{"line":43,"column":12},"end":{"line":46,"column":14}},"12":{"start":{"line":47,"column":12},"end":{"line":47,"column":18}},"13":{"start":{"line":50,"column":12},"end":{"line":51,"column":46}},"14":{"start":{"line":52,"column":12},"end":{"line":52,"column":18}},"15":{"start":{"line":55,"column":8},"end":{"line":55,"column":35}},"16":{"start":{"line":61,"column":4},"end":{"line":63,"column":9}},"17":{"start":{"line":62,"column":8},"end":{"line":62,"column":15}},"18":{"start":{"line":64,"column":4},"end":{"line":77,"column":5}},"19":{"start":{"line":70,"column":8},"end":{"line":70,"column":14}},"20":{"start":{"line":76,"column":8},"end":{"line":76,"column":14}},"21":{"start":{"line":82,"column":4},"end":{"line":84,"column":9}},"22":{"start":{"line":83,"column":8},"end":{"line":83,"column":15}},"23":{"start":{"line":85,"column":4},"end":{"line":194,"column":5}},"24":{"start":{"line":91,"column":8},"end":{"line":99,"column":10}},"25":{"start":{"line":98,"column":12},"end":{"line":98,"column":35}},"26":{"start":{"line":102,"column":8},"end":{"line":104,"column":63}},"27":{"start":{"line":105,"column":8},"end":{"line":105,"column":14}},"28":{"start":{"line":112,"column":8},"end":{"line":121,"column":10},"skip":true},"29":{"start":{"line":119,"column":12},"end":{"line":119,"column":55},"skip":true},"30":{"start":{"line":120,"column":12},"end":{"line":120,"column":48},"skip":true},"31":{"start":{"line":123,"column":8},"end":{"line":136,"column":10},"skip":true},"32":{"start":{"line":130,"column":12},"end":{"line":130,"column":76},"skip":true},"33":{"start":{"line":131,"column":12},"end":{"line":131,"column":73},"skip":true},"34":{"start":{"line":132,"column":12},"end":{"line":132,"column":74},"skip":true},"35":{"start":{"line":133,"column":12},"end":{"line":133,"column":79},"skip":true},"36":{"start":{"line":134,"column":12},"end":{"line":134,"column":25},"skip":true},"37":{"start":{"line":135,"column":12},"end":{"line":135,"column":45},"skip":true},"38":{"start":{"line":138,"column":8},"end":{"line":145,"column":14},"skip":true},"39":{"start":{"line":143,"column":16},"end":{"line":143,"column":29},"skip":true},"40":{"start":{"line":144,"column":16},"end":{"line":144,"column":55},"skip":true},"41":{"start":{"line":147,"column":8},"end":{"line":156,"column":10},"skip":true},"42":{"start":{"line":154,"column":12},"end":{"line":154,"column":25},"skip":true},"43":{"start":{"line":155,"column":12},"end":{"line":155,"column":45},"skip":true},"44":{"start":{"line":158,"column":8},"end":{"line":167,"column":10},"skip":true},"45":{"start":{"line":165,"column":12},"end":{"line":165,"column":25},"skip":true},"46":{"start":{"line":166,"column":12},"end":{"line":166,"column":48},"skip":true},"47":{"start":{"line":169,"column":8},"end":{"line":178,"column":10},"skip":true},"48":{"start":{"line":176,"column":12},"end":{"line":176,"column":25},"skip":true},"49":{"start":{"line":177,"column":12},"end":{"line":177,"column":46},"skip":true},"50":{"start":{"line":180,"column":8},"end":{"line":189,"column":10},"skip":true},"51":{"start":{"line":187,"column":12},"end":{"line":187,"column":94},"skip":true},"52":{"start":{"line":188,"column":12},"end":{"line":188,"column":48},"skip":true},"53":{"start":{"line":192,"column":8},"end":{"line":192,"column":35},"skip":true},"54":{"start":{"line":193,"column":8},"end":{"line":193,"column":14},"skip":true}},"branchMap":{"1":{"line":25,"type":"binary-expr","locations":[{"start":{"line":25,"column":23},"end":{"line":25,"column":62}},{"start":{"line":26,"column":20},"end":{"line":26,"column":70}},{"start":{"line":27,"column":20},"end":{"line":27,"column":71}},{"start":{"line":28,"column":20},"end":{"line":28,"column":29}}]},"2":{"line":30,"type":"binary-expr","locations":[{"start":{"line":30,"column":23},"end":{"line":30,"column":37}},{"start":{"line":31,"column":20},"end":{"line":31,"column":61}},{"start":{"line":32,"column":20},"end":{"line":32,"column":70}},{"start":{"line":33,"column":20},"end":{"line":33,"column":26}}]},"3":{"line":37,"type":"cond-expr","locations":[{"start":{"line":38,"column":14},"end":{"line":38,"column":20}},{"start":{"line":39,"column":14},"end":{"line":39,"column":20}}]},"4":{"line":40,"type":"switch","locations":[{"start":{"line":42,"column":8},"end":{"line":47,"column":18}},{"start":{"line":49,"column":8},"end":{"line":52,"column":18}}]},"5":{"line":44,"type":"binary-expr","locations":[{"start":{"line":44,"column":16},"end":{"line":44,"column":44}},{"start":{"line":44,"column":48},"end":{"line":44,"column":66}}]},"6":{"line":50,"type":"binary-expr","locations":[{"start":{"line":50,"column":21},"end":{"line":50,"column":49}},{"start":{"line":50,"column":53},"end":{"line":50,"column":72}}]},"7":{"line":64,"type":"switch","locations":[{"start":{"line":69,"column":4},"end":{"line":70,"column":14}},{"start":{"line":75,"column":4},"end":{"line":76,"column":14}}]},"8":{"line":85,"type":"switch","locations":[{"start":{"line":90,"column":4},"end":{"line":105,"column":14}},{"start":{"line":111,"column":4},"end":{"line":193,"column":14},"skip":true}]},"9":{"line":91,"type":"binary-expr","locations":[{"start":{"line":91,"column":42},"end":{"line":91,"column":73}},{"start":{"line":91,"column":77},"end":{"line":99,"column":9}}]},"10":{"line":102,"type":"binary-expr","locations":[{"start":{"line":102,"column":18},"end":{"line":102,"column":32}},{"start":{"line":103,"column":12},"end":{"line":103,"column":53}},{"start":{"line":104,"column":12},"end":{"line":104,"column":61}}]},"11":{"line":112,"type":"binary-expr","locations":[{"start":{"line":112,"column":45},"end":{"line":112,"column":79},"skip":true},{"start":{"line":112,"column":83},"end":{"line":121,"column":9},"skip":true}]},"12":{"line":123,"type":"binary-expr","locations":[{"start":{"line":123,"column":42},"end":{"line":123,"column":73},"skip":true},{"start":{"line":123,"column":77},"end":{"line":136,"column":9},"skip":true}]},"13":{"line":138,"type":"binary-expr","locations":[{"start":{"line":138,"column":48},"end":{"line":138,"column":85},"skip":true},{"start":{"line":139,"column":12},"end":{"line":145,"column":13},"skip":true}]},"14":{"line":147,"type":"binary-expr","locations":[{"start":{"line":147,"column":42},"end":{"line":147,"column":73},"skip":true},{"start":{"line":147,"column":77},"end":{"line":156,"column":9},"skip":true}]},"15":{"line":158,"type":"binary-expr","locations":[{"start":{"line":158,"column":45},"end":{"line":158,"column":79},"skip":true},{"start":{"line":158,"column":83},"end":{"line":167,"column":9},"skip":true}]},"16":{"line":169,"type":"binary-expr","locations":[{"start":{"line":169,"column":43},"end":{"line":169,"column":75},"skip":true},{"start":{"line":169,"column":79},"end":{"line":178,"column":9},"skip":true}]},"17":{"line":180,"type":"binary-expr","locations":[{"start":{"line":180,"column":41},"end":{"line":180,"column":71},"skip":true},{"start":{"line":180,"column":75},"end":{"line":189,"column":9},"skip":true}]}},"code":["/* istanbul instrument in package npmtest_apidoc */","/*jslint","    bitwise: true,","    browser: true,","    maxerr: 8,","    maxlen: 96,","    node: true,","    nomen: true,","    regexp: true,","    stupid: true","*/","(function () {","    'use strict';","    var local;","","","","    // run shared js-env code - pre-init","    (function () {","        // init local","        local = {};","        // init modeJs","        local.modeJs = (function () {","            try {","                return typeof navigator.userAgent === 'string' &&","                    typeof document.querySelector('body') === 'object' &&","                    typeof XMLHttpRequest.prototype.open === 'function' &&","                    'browser';","            } catch (errorCaughtBrowser) {","                return module.exports &&","                    typeof process.versions.node === 'string' &&","                    typeof require('http').createServer === 'function' &&","                    'node';","            }","        }());","        // init global","        local.global = local.modeJs === 'browser'","            ? window","            : global;","        switch (local.modeJs) {","        // re-init local from window.local","        case 'browser':","            local = local.global.utility2.objectSetDefault(","                local.global.utility2_rollup || local.global.local,","                local.global.utility2","            );","            break;","        // re-init local from example.js","        case 'node':","            local = (local.global.utility2_rollup || require('utility2'))","                .requireExampleJsFromReadme();","            break;","        }","        // export local","        local.global.local = local;","    }());","","","","    // run shared js-env code - function","    (function () {","        return;","    }());","    switch (local.modeJs) {","","","","    // run browser js-env code - function","    case 'browser':","        break;","","","","    // run node js-env code - function","    case 'node':","        break;","    }","","","","    // run shared js-env code - post-init","    (function () {","        return;","    }());","    switch (local.modeJs) {","","","","    // run browser js-env code - post-init","    case 'browser':","        local.testCase_browser_nullCase = local.testCase_browser_nullCase || function (","            options,","            onError","        ) {","        /*","         * this function will test browsers's null-case handling-behavior-behavior","         */","            onError(null, options);","        };","","        // run tests","        local.nop(local.modeTest &&","            document.querySelector('#testRunButton1') &&","            document.querySelector('#testRunButton1').click());","        break;","","","","    // run node js-env code - post-init","    /* istanbul ignore next */","    case 'node':","        local.testCase_buildApidoc_default = local.testCase_buildApidoc_default || function (","            options,","            onError","        ) {","        /*","         * this function will test buildApidoc's default handling-behavior-behavior","         */","            options = { modulePathList: module.paths };","            local.buildApidoc(options, onError);","        };","","        local.testCase_buildApp_default = local.testCase_buildApp_default || function (","            options,","            onError","        ) {","        /*","         * this function will test buildApp's default handling-behavior-behavior","         */","            local.testCase_buildReadme_default(options, local.onErrorThrow);","            local.testCase_buildLib_default(options, local.onErrorThrow);","            local.testCase_buildTest_default(options, local.onErrorThrow);","            local.testCase_buildCustomOrg_default(options, local.onErrorThrow);","            options = [];","            local.buildApp(options, onError);","        };","","        local.testCase_buildCustomOrg_default = local.testCase_buildCustomOrg_default ||","            function (options, onError) {","            /*","             * this function will test buildCustomOrg's default handling-behavior","             */","                options = {};","                local.buildCustomOrg(options, onError);","            };","","        local.testCase_buildLib_default = local.testCase_buildLib_default || function (","            options,","            onError","        ) {","        /*","         * this function will test buildLib's default handling-behavior","         */","            options = {};","            local.buildLib(options, onError);","        };","","        local.testCase_buildReadme_default = local.testCase_buildReadme_default || function (","            options,","            onError","        ) {","        /*","         * this function will test buildReadme's default handling-behavior-behavior","         */","            options = {};","            local.buildReadme(options, onError);","        };","","        local.testCase_buildTest_default = local.testCase_buildTest_default || function (","            options,","            onError","        ) {","        /*","         * this function will test buildTest's default handling-behavior","         */","            options = {};","            local.buildTest(options, onError);","        };","","        local.testCase_webpage_default = local.testCase_webpage_default || function (","            options,","            onError","        ) {","        /*","         * this function will test webpage's default handling-behavior","         */","            options = { modeCoverageMerge: true, url: local.serverLocalHost + '?modeTest=1' };","            local.browserTest(options, onError);","        };","","        // run test-server","        local.testRunServer(local);","        break;","    }","}());",""],"l":{"12":2,"14":2,"19":2,"21":2,"23":2,"24":2,"25":2,"30":1,"37":2,"40":2,"43":1,"47":1,"50":1,"52":1,"55":2,"61":2,"62":2,"64":2,"70":1,"76":1,"82":2,"83":2,"85":2,"91":1,"98":1,"102":1,"105":1,"112":1,"119":1,"120":1,"123":1,"130":1,"131":1,"132":1,"133":1,"134":1,"135":1,"138":1,"143":2,"144":2,"147":1,"154":2,"155":2,"158":1,"165":2,"166":2,"169":1,"176":2,"177":2,"180":1,"187":1,"188":1,"192":1,"193":1}},"/home/travis/build/npmtest/node-npmtest-apidoc/lib.npmtest_apidoc.js":{"path":"/home/travis/build/npmtest/node-npmtest-apidoc/lib.npmtest_apidoc.js","s":{"1":2,"2":2,"3":2,"4":2,"5":2,"6":2,"7":2,"8":1,"9":2,"10":2,"11":2,"12":2,"13":1,"14":1,"15":1,"16":1},"b":{"1":[2,1,1,1],"2":[1,1,1,1],"3":[1,1],"4":[2,2],"5":[1,1]},"f":{"1":2,"2":2,"3":2},"fnMap":{"1":{"name":"(anonymous_1)","line":12,"loc":{"start":{"line":12,"column":1},"end":{"line":12,"column":13}}},"2":{"name":"(anonymous_2)","line":19,"loc":{"start":{"line":19,"column":5},"end":{"line":19,"column":17}}},"3":{"name":"(anonymous_3)","line":23,"loc":{"start":{"line":23,"column":24},"end":{"line":23,"column":36}}}},"statementMap":{"1":{"start":{"line":12,"column":0},"end":{"line":53,"column":5}},"2":{"start":{"line":14,"column":4},"end":{"line":14,"column":14}},"3":{"start":{"line":19,"column":4},"end":{"line":52,"column":9}},"4":{"start":{"line":21,"column":8},"end":{"line":21,"column":19}},"5":{"start":{"line":23,"column":8},"end":{"line":35,"column":13}},"6":{"start":{"line":24,"column":12},"end":{"line":34,"column":13}},"7":{"start":{"line":25,"column":16},"end":{"line":28,"column":30}},"8":{"start":{"line":30,"column":16},"end":{"line":33,"column":27}},"9":{"start":{"line":37,"column":8},"end":{"line":39,"column":21}},"10":{"start":{"line":41,"column":8},"end":{"line":41,"column":54}},"11":{"start":{"line":43,"column":8},"end":{"line":43,"column":51}},"12":{"start":{"line":45,"column":8},"end":{"line":51,"column":9}},"13":{"start":{"line":46,"column":12},"end":{"line":46,"column":57}},"14":{"start":{"line":48,"column":12},"end":{"line":48,"column":35}},"15":{"start":{"line":49,"column":12},"end":{"line":49,"column":49}},"16":{"start":{"line":50,"column":12},"end":{"line":50,"column":43}}},"branchMap":{"1":{"line":25,"type":"binary-expr","locations":[{"start":{"line":25,"column":23},"end":{"line":25,"column":62}},{"start":{"line":26,"column":20},"end":{"line":26,"column":70}},{"start":{"line":27,"column":20},"end":{"line":27,"column":71}},{"start":{"line":28,"column":20},"end":{"line":28,"column":29}}]},"2":{"line":30,"type":"binary-expr","locations":[{"start":{"line":30,"column":23},"end":{"line":30,"column":37}},{"start":{"line":31,"column":20},"end":{"line":31,"column":61}},{"start":{"line":32,"column":20},"end":{"line":32,"column":70}},{"start":{"line":33,"column":20},"end":{"line":33,"column":26}}]},"3":{"line":37,"type":"cond-expr","locations":[{"start":{"line":38,"column":14},"end":{"line":38,"column":20}},{"start":{"line":39,"column":14},"end":{"line":39,"column":20}}]},"4":{"line":41,"type":"binary-expr","locations":[{"start":{"line":41,"column":16},"end":{"line":41,"column":44}},{"start":{"line":41,"column":48},"end":{"line":41,"column":53}}]},"5":{"line":45,"type":"if","locations":[{"start":{"line":45,"column":8},"end":{"line":45,"column":8}},{"start":{"line":45,"column":8},"end":{"line":45,"column":8}}]}},"code":["/* istanbul instrument in package npmtest_apidoc */","/*jslint","    bitwise: true,","    browser: true,","    maxerr: 8,","    maxlen: 96,","    node: true,","    nomen: true,","    regexp: true,","    stupid: true","*/","(function () {","    'use strict';","    var local;","","","","    // run shared js-env code - pre-init","    (function () {","        // init local","        local = {};","        // init modeJs","        local.modeJs = (function () {","            try {","                return typeof navigator.userAgent === 'string' &&","                    typeof document.querySelector('body') === 'object' &&","                    typeof XMLHttpRequest.prototype.open === 'function' &&","                    'browser';","            } catch (errorCaughtBrowser) {","                return module.exports &&","                    typeof process.versions.node === 'string' &&","                    typeof require('http').createServer === 'function' &&","                    'node';","            }","        }());","        // init global","        local.global = local.modeJs === 'browser'","            ? window","            : global;","        // init utility2_rollup","        local = local.global.utility2_rollup || local;","        // init lib","        local.local = local.npmtest_apidoc = local;","        // init exports","        if (local.modeJs === 'browser') {","            local.global.utility2_npmtest_apidoc = local;","        } else {","            module.exports = local;","            module.exports.__dirname = __dirname;","            module.exports.module = module;","        }","    }());","}());",""],"l":{"12":2,"14":2,"19":2,"21":2,"23":2,"24":2,"25":2,"30":1,"37":2,"41":2,"43":2,"45":2,"46":1,"48":1,"49":1,"50":1}},"/home/travis/build/npmtest/node-npmtest-apidoc/example.js":{"path":"/home/travis/build/npmtest/node-npmtest-apidoc/example.js","s":{"1":2,"2":2,"3":2,"4":2,"5":2,"6":2,"7":2,"8":1,"9":2,"10":2,"11":2,"12":2,"13":1,"14":2,"15":2,"16":2,"17":2,"18":2,"19":0,"20":2,"21":1,"22":1,"23":1,"24":1,"25":1,"26":0,"27":0,"28":1,"29":1,"30":2,"31":0,"32":0,"33":0,"34":1,"35":2,"36":2,"37":3,"38":3,"39":3,"40":3,"41":0,"42":3,"43":3,"44":3,"45":1,"46":3,"47":1,"48":1,"49":1,"50":1,"51":1,"52":1,"53":1,"54":1,"55":1,"56":1,"57":0,"58":1,"59":6,"60":6,"61":1,"62":2,"63":0,"64":2,"65":1,"66":1,"67":0,"68":0,"69":0,"70":0,"71":0,"72":0,"73":0,"74":0,"75":0,"76":0,"77":0,"78":0,"79":0,"80":0,"81":0,"82":0,"83":0},"b":{"1":[2,1,1,1],"2":[1,1,1,1],"3":[1,1],"4":[2,2],"5":[1,1],"6":[1,1],"7":[2,0],"8":[2,1,1,1,1,1],"9":[0,2,0],"10":[1,1],"11":[2,1,1],"12":[1,0],"13":[0,2],"14":[2,0,0,0,0,0,0],"15":[0,3],"16":[3,0],"17":[1,1],"18":[0,1],"19":[1,2,0,2],"20":[1,0],"21":[1,1],"22":[0,0],"23":[0,0],"24":[0,0],"25":[0,0],"26":[0,0],"27":[0,0],"28":[0,0]},"f":{"1":2,"2":2,"3":2,"4":2,"5":2,"6":2,"7":3,"8":3,"9":3,"10":1,"11":6,"12":0},"fnMap":{"1":{"name":"(anonymous_1)","line":26,"loc":{"start":{"line":26,"column":1},"end":{"line":26,"column":13}}},"2":{"name":"(anonymous_2)","line":33,"loc":{"start":{"line":33,"column":5},"end":{"line":33,"column":17}}},"3":{"name":"(anonymous_3)","line":37,"loc":{"start":{"line":37,"column":24},"end":{"line":37,"column":36}}},"4":{"name":"(anonymous_4)","line":69,"loc":{"start":{"line":69,"column":31},"end":{"line":69,"column":48}},"skip":true},"5":{"name":"(anonymous_5)","line":78,"loc":{"start":{"line":78,"column":26},"end":{"line":78,"column":45}},"skip":true},"6":{"name":"(anonymous_6)","line":123,"loc":{"start":{"line":123,"column":33},"end":{"line":123,"column":48}},"skip":true},"7":{"name":"(anonymous_7)","line":125,"loc":{"start":{"line":125,"column":27},"end":{"line":125,"column":39}},"skip":true},"8":{"name":"(anonymous_8)","line":133,"loc":{"start":{"line":133,"column":59},"end":{"line":133,"column":74}},"skip":true},"9":{"name":"(anonymous_9)","line":143,"loc":{"start":{"line":143,"column":45},"end":{"line":143,"column":62}},"skip":true},"10":{"name":"(anonymous_10)","line":144,"loc":{"start":{"line":144,"column":73},"end":{"line":144,"column":92}},"skip":true},"11":{"name":"(anonymous_11)","line":272,"loc":{"start":{"line":272,"column":51},"end":{"line":272,"column":77}},"skip":true},"12":{"name":"(anonymous_12)","line":315,"loc":{"start":{"line":315,"column":32},"end":{"line":315,"column":61}},"skip":true}},"statementMap":{"1":{"start":{"line":26,"column":0},"end":{"line":326,"column":5}},"2":{"start":{"line":28,"column":4},"end":{"line":28,"column":14}},"3":{"start":{"line":33,"column":4},"end":{"line":60,"column":9}},"4":{"start":{"line":35,"column":8},"end":{"line":35,"column":19}},"5":{"start":{"line":37,"column":8},"end":{"line":49,"column":13}},"6":{"start":{"line":38,"column":12},"end":{"line":48,"column":13}},"7":{"start":{"line":39,"column":16},"end":{"line":42,"column":30}},"8":{"start":{"line":44,"column":16},"end":{"line":47,"column":27}},"9":{"start":{"line":51,"column":8},"end":{"line":53,"column":21}},"10":{"start":{"line":55,"column":8},"end":{"line":57,"column":45}},"11":{"start":{"line":59,"column":8},"end":{"line":59,"column":35}},"12":{"start":{"line":61,"column":4},"end":{"line":325,"column":5}},"13":{"start":{"line":69,"column":8},"end":{"line":121,"column":10},"skip":true},"14":{"start":{"line":70,"column":12},"end":{"line":88,"column":13},"skip":true},"15":{"start":{"line":76,"column":16},"end":{"line":87,"column":19},"skip":true},"16":{"start":{"line":79,"column":20},"end":{"line":86,"column":21},"skip":true},"17":{"start":{"line":82,"column":24},"end":{"line":82,"column":43},"skip":true},"18":{"start":{"line":83,"column":24},"end":{"line":83,"column":30},"skip":true},"19":{"start":{"line":85,"column":24},"end":{"line":85,"column":49},"skip":true},"20":{"start":{"line":89,"column":12},"end":{"line":107,"column":13},"skip":true},"21":{"start":{"line":92,"column":16},"end":{"line":102,"column":17},"skip":true},"22":{"start":{"line":93,"column":20},"end":{"line":93,"column":86},"skip":true},"23":{"start":{"line":94,"column":20},"end":{"line":95,"column":45},"skip":true},"24":{"start":{"line":96,"column":20},"end":{"line":96,"column":42},"skip":true},"25":{"start":{"line":97,"column":20},"end":{"line":97,"column":48},"skip":true},"26":{"start":{"line":100,"column":20},"end":{"line":100,"column":85},"skip":true},"27":{"start":{"line":101,"column":20},"end":{"line":101,"column":96},"skip":true},"28":{"start":{"line":103,"column":16},"end":{"line":103,"column":22},"skip":true},"29":{"start":{"line":106,"column":16},"end":{"line":106,"column":22},"skip":true},"30":{"start":{"line":108,"column":12},"end":{"line":120,"column":13},"skip":true},"31":{"start":{"line":114,"column":16},"end":{"line":119,"column":17},"skip":true},"32":{"start":{"line":116,"column":20},"end":{"line":116,"column":78},"skip":true},"33":{"start":{"line":118,"column":20},"end":{"line":118,"column":47},"skip":true},"34":{"start":{"line":123,"column":8},"end":{"line":141,"column":11},"skip":true},"35":{"start":{"line":124,"column":12},"end":{"line":124,"column":54},"skip":true},"36":{"start":{"line":125,"column":12},"end":{"line":140,"column":14},"skip":true},"37":{"start":{"line":126,"column":16},"end":{"line":126,"column":28},"skip":true},"38":{"start":{"line":127,"column":16},"end":{"line":127,"column":69},"skip":true},"39":{"start":{"line":128,"column":16},"end":{"line":128,"column":75},"skip":true},"40":{"start":{"line":129,"column":16},"end":{"line":131,"column":17},"skip":true},"41":{"start":{"line":130,"column":20},"end":{"line":130,"column":27},"skip":true},"42":{"start":{"line":133,"column":16},"end":{"line":137,"column":36},"skip":true},"43":{"start":{"line":134,"column":20},"end":{"line":136,"column":55},"skip":true},"44":{"start":{"line":139,"column":16},"end":{"line":139,"column":57},"skip":true},"45":{"start":{"line":143,"column":8},"end":{"line":147,"column":11},"skip":true},"46":{"start":{"line":144,"column":12},"end":{"line":146,"column":15},"skip":true},"47":{"start":{"line":145,"column":16},"end":{"line":145,"column":70},"skip":true},"48":{"start":{"line":149,"column":8},"end":{"line":149,"column":31},"skip":true},"49":{"start":{"line":150,"column":8},"end":{"line":150,"column":14},"skip":true},"50":{"start":{"line":158,"column":8},"end":{"line":158,"column":31},"skip":true},"51":{"start":{"line":160,"column":8},"end":{"line":160,"column":33},"skip":true},"52":{"start":{"line":161,"column":8},"end":{"line":161,"column":37},"skip":true},"53":{"start":{"line":162,"column":8},"end":{"line":162,"column":35},"skip":true},"54":{"start":{"line":164,"column":8},"end":{"line":164,"column":50},"skip":true},"55":{"start":{"line":166,"column":8},"end":{"line":256,"column":2},"skip":true},"56":{"start":{"line":258,"column":8},"end":{"line":286,"column":9},"skip":true},"57":{"start":{"line":259,"column":12},"end":{"line":269,"column":14},"skip":true},"58":{"start":{"line":271,"column":12},"end":{"line":285,"column":19},"skip":true},"59":{"start":{"line":274,"column":20},"end":{"line":274,"column":35},"skip":true},"60":{"start":{"line":275,"column":20},"end":{"line":284,"column":21},"skip":true},"61":{"start":{"line":277,"column":24},"end":{"line":277,"column":64},"skip":true},"62":{"start":{"line":279,"column":24},"end":{"line":279,"column":40},"skip":true},"63":{"start":{"line":281,"column":24},"end":{"line":281,"column":40},"skip":true},"64":{"start":{"line":283,"column":24},"end":{"line":283,"column":39},"skip":true},"65":{"start":{"line":288,"column":8},"end":{"line":290,"column":9},"skip":true},"66":{"start":{"line":289,"column":12},"end":{"line":289,"column":18},"skip":true},"67":{"start":{"line":291,"column":8},"end":{"line":293,"column":54},"skip":true},"68":{"start":{"line":296,"column":8},"end":{"line":301,"column":37},"skip":true},"69":{"start":{"line":303,"column":8},"end":{"line":303,"column":82},"skip":true},"70":{"start":{"line":306,"column":8},"end":{"line":308,"column":9},"skip":true},"71":{"start":{"line":307,"column":12},"end":{"line":307,"column":82},"skip":true},"72":{"start":{"line":310,"column":8},"end":{"line":312,"column":9},"skip":true},"73":{"start":{"line":311,"column":12},"end":{"line":311,"column":18},"skip":true},"74":{"start":{"line":313,"column":8},"end":{"line":313,"column":54},"skip":true},"75":{"start":{"line":314,"column":8},"end":{"line":314,"column":69},"skip":true},"76":{"start":{"line":315,"column":8},"end":{"line":323,"column":36},"skip":true},"77":{"start":{"line":316,"column":12},"end":{"line":316,"column":61},"skip":true},"78":{"start":{"line":317,"column":12},"end":{"line":320,"column":13},"skip":true},"79":{"start":{"line":318,"column":16},"end":{"line":318,"column":75},"skip":true},"80":{"start":{"line":319,"column":16},"end":{"line":319,"column":23},"skip":true},"81":{"start":{"line":321,"column":12},"end":{"line":321,"column":38},"skip":true},"82":{"start":{"line":322,"column":12},"end":{"line":322,"column":27},"skip":true},"83":{"start":{"line":324,"column":8},"end":{"line":324,"column":14},"skip":true}},"branchMap":{"1":{"line":39,"type":"binary-expr","locations":[{"start":{"line":39,"column":23},"end":{"line":39,"column":62}},{"start":{"line":40,"column":20},"end":{"line":40,"column":70}},{"start":{"line":41,"column":20},"end":{"line":41,"column":71}},{"start":{"line":42,"column":20},"end":{"line":42,"column":29}}]},"2":{"line":44,"type":"binary-expr","locations":[{"start":{"line":44,"column":23},"end":{"line":44,"column":37}},{"start":{"line":45,"column":20},"end":{"line":45,"column":61}},{"start":{"line":46,"column":20},"end":{"line":46,"column":70}},{"start":{"line":47,"column":20},"end":{"line":47,"column":26}}]},"3":{"line":51,"type":"cond-expr","locations":[{"start":{"line":52,"column":14},"end":{"line":52,"column":20}},{"start":{"line":53,"column":14},"end":{"line":53,"column":20}}]},"4":{"line":55,"type":"binary-expr","locations":[{"start":{"line":55,"column":16},"end":{"line":55,"column":44}},{"start":{"line":55,"column":49},"end":{"line":57,"column":43}}]},"5":{"line":55,"type":"cond-expr","locations":[{"start":{"line":56,"column":14},"end":{"line":56,"column":50}},{"start":{"line":57,"column":14},"end":{"line":57,"column":43}}]},"6":{"line":61,"type":"switch","locations":[{"start":{"line":68,"column":4},"end":{"line":150,"column":14},"skip":true},{"start":{"line":156,"column":4},"end":{"line":324,"column":14},"skip":true}]},"7":{"line":70,"type":"if","locations":[{"start":{"line":70,"column":12},"end":{"line":70,"column":12},"skip":true},{"start":{"line":70,"column":12},"end":{"line":70,"column":12},"skip":true}]},"8":{"line":70,"type":"binary-expr","locations":[{"start":{"line":70,"column":16},"end":{"line":70,"column":22},"skip":true},{"start":{"line":70,"column":27},"end":{"line":70,"column":32},"skip":true},{"start":{"line":71,"column":20},"end":{"line":71,"column":39},"skip":true},{"start":{"line":72,"column":20},"end":{"line":72,"column":49},"skip":true},{"start":{"line":73,"column":20},"end":{"line":73,"column":58},"skip":true},{"start":{"line":74,"column":20},"end":{"line":74,"column":69},"skip":true}]},"9":{"line":79,"type":"switch","locations":[{"start":{"line":80,"column":20},"end":{"line":80,"column":33},"skip":true},{"start":{"line":81,"column":20},"end":{"line":83,"column":30},"skip":true},{"start":{"line":84,"column":20},"end":{"line":85,"column":49},"skip":true}]},"10":{"line":89,"type":"switch","locations":[{"start":{"line":90,"column":12},"end":{"line":103,"column":22},"skip":true},{"start":{"line":105,"column":12},"end":{"line":106,"column":22},"skip":true}]},"11":{"line":89,"type":"binary-expr","locations":[{"start":{"line":89,"column":20},"end":{"line":89,"column":25},"skip":true},{"start":{"line":89,"column":29},"end":{"line":89,"column":48},"skip":true},{"start":{"line":89,"column":52},"end":{"line":89,"column":74},"skip":true}]},"12":{"line":92,"type":"if","locations":[{"start":{"line":92,"column":16},"end":{"line":92,"column":16},"skip":true},{"start":{"line":92,"column":16},"end":{"line":92,"column":16},"skip":true}]},"13":{"line":108,"type":"if","locations":[{"start":{"line":108,"column":12},"end":{"line":108,"column":12},"skip":true},{"start":{"line":108,"column":12},"end":{"line":108,"column":12},"skip":true}]},"14":{"line":108,"type":"binary-expr","locations":[{"start":{"line":108,"column":16},"end":{"line":108,"column":61},"skip":true},{"start":{"line":108,"column":66},"end":{"line":108,"column":72},"skip":true},{"start":{"line":108,"column":77},"end":{"line":108,"column":82},"skip":true},{"start":{"line":109,"column":20},"end":{"line":109,"column":39},"skip":true},{"start":{"line":110,"column":20},"end":{"line":110,"column":49},"skip":true},{"start":{"line":111,"column":20},"end":{"line":111,"column":58},"skip":true},{"start":{"line":112,"column":20},"end":{"line":112,"column":68},"skip":true}]},"15":{"line":129,"type":"if","locations":[{"start":{"line":129,"column":16},"end":{"line":129,"column":16},"skip":true},{"start":{"line":129,"column":16},"end":{"line":129,"column":16},"skip":true}]},"16":{"line":134,"type":"cond-expr","locations":[{"start":{"line":135,"column":26},"end":{"line":135,"column":29},"skip":true},{"start":{"line":136,"column":26},"end":{"line":136,"column":54},"skip":true}]},"17":{"line":164,"type":"binary-expr","locations":[{"start":{"line":164,"column":27},"end":{"line":164,"column":43},"skip":true},{"start":{"line":164,"column":47},"end":{"line":164,"column":49},"skip":true}]},"18":{"line":258,"type":"if","locations":[{"start":{"line":258,"column":8},"end":{"line":258,"column":8},"skip":true},{"start":{"line":258,"column":8},"end":{"line":258,"column":8},"skip":true}]},"19":{"line":275,"type":"switch","locations":[{"start":{"line":276,"column":20},"end":{"line":277,"column":64},"skip":true},{"start":{"line":278,"column":20},"end":{"line":279,"column":40},"skip":true},{"start":{"line":280,"column":20},"end":{"line":281,"column":40},"skip":true},{"start":{"line":282,"column":20},"end":{"line":283,"column":39},"skip":true}]},"20":{"line":288,"type":"if","locations":[{"start":{"line":288,"column":8},"end":{"line":288,"column":8},"skip":true},{"start":{"line":288,"column":8},"end":{"line":288,"column":8},"skip":true}]},"21":{"line":288,"type":"binary-expr","locations":[{"start":{"line":288,"column":12},"end":{"line":288,"column":40},"skip":true},{"start":{"line":288,"column":44},"end":{"line":288,"column":67},"skip":true}]},"22":{"line":292,"type":"binary-expr","locations":[{"start":{"line":292,"column":12},"end":{"line":292,"column":50},"skip":true},{"start":{"line":293,"column":12},"end":{"line":293,"column":53},"skip":true}]},"23":{"line":297,"type":"binary-expr","locations":[{"start":{"line":297,"column":12},"end":{"line":297,"column":64},"skip":true},{"start":{"line":298,"column":12},"end":{"line":301,"column":36},"skip":true}]},"24":{"line":303,"type":"binary-expr","locations":[{"start":{"line":303,"column":43},"end":{"line":303,"column":75},"skip":true},{"start":{"line":303,"column":79},"end":{"line":303,"column":81},"skip":true}]},"25":{"line":306,"type":"if","locations":[{"start":{"line":306,"column":8},"end":{"line":306,"column":8},"skip":true},{"start":{"line":306,"column":8},"end":{"line":306,"column":8},"skip":true}]},"26":{"line":310,"type":"if","locations":[{"start":{"line":310,"column":8},"end":{"line":310,"column":8},"skip":true},{"start":{"line":310,"column":8},"end":{"line":310,"column":8},"skip":true}]},"27":{"line":313,"type":"binary-expr","locations":[{"start":{"line":313,"column":27},"end":{"line":313,"column":43},"skip":true},{"start":{"line":313,"column":47},"end":{"line":313,"column":53},"skip":true}]},"28":{"line":317,"type":"if","locations":[{"start":{"line":317,"column":12},"end":{"line":317,"column":12},"skip":true},{"start":{"line":317,"column":12},"end":{"line":317,"column":12},"skip":true}]}},"code":["/*","example.js","","quickstart example","","instruction","    1. save this script as example.js","    2. run the shell command:","        $ npm install npmtest-apidoc && PORT=8081 node example.js","    3. play with the browser-demo on http://127.0.0.1:8081","*/","","","","/* istanbul instrument in package npmtest_apidoc */","/*jslint","    bitwise: true,","    browser: true,","    maxerr: 8,","    maxlen: 96,","    node: true,","    nomen: true,","    regexp: true,","    stupid: true","*/","(function () {","    'use strict';","    var local;","","","","    // run shared js-env code - pre-init","    (function () {","        // init local","        local = {};","        // init modeJs","        local.modeJs = (function () {","            try {","                return typeof navigator.userAgent === 'string' &&","                    typeof document.querySelector('body') === 'object' &&","                    typeof XMLHttpRequest.prototype.open === 'function' &&","                    'browser';","            } catch (errorCaughtBrowser) {","                return module.exports &&","                    typeof process.versions.node === 'string' &&","                    typeof require('http').createServer === 'function' &&","                    'node';","            }","        }());","        // init global","        local.global = local.modeJs === 'browser'","            ? window","            : global;","        // init utility2_rollup","        local = local.global.utility2_rollup || (local.modeJs === 'browser'","            ? local.global.utility2_npmtest_apidoc","            : global.utility2_moduleExports);","        // export local","        local.global.local = local;","    }());","    switch (local.modeJs) {","","","","    // post-init","    // run browser js-env code - post-init","    /* istanbul ignore next */","    case 'browser':","        local.testRunBrowser = function (event) {","            if (!event || (event &&","                    event.currentTarget &&","                    event.currentTarget.className &&","                    event.currentTarget.className.includes &&","                    event.currentTarget.className.includes('onreset'))) {","                // reset output","                Array.from(","                    document.querySelectorAll('body > .resettable')","                ).forEach(function (element) {","                    switch (element.tagName) {","                    case 'INPUT':","                    case 'TEXTAREA':","                        element.value = '';","                        break;","                    default:","                        element.textContent = '';","                    }","                });","            }","            switch (event && event.currentTarget && event.currentTarget.id) {","            case 'testRunButton1':","                // show tests","                if (document.querySelector('#testReportDiv1').style.display === 'none') {","                    document.querySelector('#testReportDiv1').style.display = 'block';","                    document.querySelector('#testRunButton1').textContent =","                        'hide internal test';","                    local.modeTest = true;","                    local.testRunDefault(local);","                // hide tests","                } else {","                    document.querySelector('#testReportDiv1').style.display = 'none';","                    document.querySelector('#testRunButton1').textContent = 'run internal test';","                }","                break;","            // custom-case","            default:","                break;","            }","            if (document.querySelector('#inputTextareaEval1') && (!event || (event &&","                    event.currentTarget &&","                    event.currentTarget.className &&","                    event.currentTarget.className.includes &&","                    event.currentTarget.className.includes('oneval')))) {","                // try to eval input-code","                try {","                    /*jslint evil: true*/","                    eval(document.querySelector('#inputTextareaEval1').value);","                } catch (errorCaught) {","                    console.error(errorCaught);","                }","            }","        };","        // log stderr and stdout to #outputTextareaStdout1","        ['error', 'log'].forEach(function (key) {","            console[key + '_original'] = console[key];","            console[key] = function () {","                var element;","                console[key + '_original'].apply(console, arguments);","                element = document.querySelector('#outputTextareaStdout1');","                if (!element) {","                    return;","                }","                // append text to #outputTextareaStdout1","                element.value += Array.from(arguments).map(function (arg) {","                    return typeof arg === 'string'","                        ? arg","                        : JSON.stringify(arg, null, 4);","                }).join(' ') + '\\n';","                // scroll textarea to bottom","                element.scrollTop = element.scrollHeight;","            };","        });","        // init event-handling","        ['change', 'click', 'keyup'].forEach(function (event) {","            Array.from(document.querySelectorAll('.on' + event)).forEach(function (element) {","                element.addEventListener(event, local.testRunBrowser);","            });","        });","        // run tests","        local.testRunBrowser();","        break;","","","","    // run node js-env code - post-init","    /* istanbul ignore next */","    case 'node':","        // export local","        module.exports = local;","        // require modules","        local.fs = require('fs');","        local.http = require('http');","        local.url = require('url');","        // init assets","        local.assetsDict = local.assetsDict || {};","        /* jslint-ignore-begin */","        local.assetsDict['/assets.index.template.html'] = '\\","<!doctype html>\\n\\","<html lang=\"en\">\\n\\","<head>\\n\\","<meta charset=\"UTF-8\">\\n\\","<meta name=\"viewport\" content=\"width=device-width, initial-scale=1\">\\n\\","<title>{{env.npm_package_name}} (v{{env.npm_package_version}})</title>\\n\\","<style>\\n\\","/*csslint\\n\\","    box-sizing: false,\\n\\","    universal-selector: false\\n\\","*/\\n\\","* {\\n\\","    box-sizing: border-box;\\n\\","}\\n\\","body {\\n\\","    background: #dde;\\n\\","    font-family: Arial, Helvetica, sans-serif;\\n\\","    margin: 2rem;\\n\\","}\\n\\","body > * {\\n\\","    margin-bottom: 1rem;\\n\\","}\\n\\",".utility2FooterDiv {\\n\\","    margin-top: 20px;\\n\\","    text-align: center;\\n\\","}\\n\\","</style>\\n\\","<style>\\n\\","/*csslint\\n\\","*/\\n\\","textarea {\\n\\","    font-family: monospace;\\n\\","    height: 10rem;\\n\\","    width: 100%;\\n\\","}\\n\\","textarea[readonly] {\\n\\","    background: #ddd;\\n\\","}\\n\\","</style>\\n\\","</head>\\n\\","<body>\\n\\","<!-- utility2-comment\\n\\","<div id=\"ajaxProgressDiv1\" style=\"background: #d00; height: 2px; left: 0; margin: 0; padding: 0; position: fixed; top: 0; transition: background 0.5s, width 1.5s; width: 25%;\"></div>\\n\\","utility2-comment -->\\n\\","<h1>\\n\\","<!-- utility2-comment\\n\\","    <a\\n\\","        {{#if env.npm_package_homepage}}\\n\\","        href=\"{{env.npm_package_homepage}}\"\\n\\","        {{/if env.npm_package_homepage}}\\n\\","        target=\"_blank\"\\n\\","    >\\n\\","utility2-comment -->\\n\\","        {{env.npm_package_name}} (v{{env.npm_package_version}})\\n\\","<!-- utility2-comment\\n\\","    </a>\\n\\","utility2-comment -->\\n\\","</h1>\\n\\","<h3>{{env.npm_package_description}}</h3>\\n\\","<!-- utility2-comment\\n\\","<h4><a download href=\"assets.app.js\">download standalone app</a></h4>\\n\\","<button class=\"onclick onreset\" id=\"testRunButton1\">run internal test</button><br>\\n\\","<div id=\"testReportDiv1\" style=\"display: none;\"></div>\\n\\","utility2-comment -->\\n\\","\\n\\","\\n\\","\\n\\","<label>stderr and stdout</label>\\n\\","<textarea class=\"resettable\" id=\"outputTextareaStdout1\" readonly></textarea>\\n\\","<!-- utility2-comment\\n\\","{{#if isRollup}}\\n\\","<script src=\"assets.app.js\"></script>\\n\\","{{#unless isRollup}}\\n\\","utility2-comment -->\\n\\","<script src=\"assets.utility2.rollup.js\"></script>\\n\\","<script src=\"jsonp.utility2._stateInit?callback=window.utility2._stateInit\"></script>\\n\\","<script src=\"assets.npmtest_apidoc.rollup.js\"></script>\\n\\","<script src=\"assets.example.js\"></script>\\n\\","<script src=\"assets.test.js\"></script>\\n\\","<!-- utility2-comment\\n\\","{{/if isRollup}}\\n\\","utility2-comment -->\\n\\","<div class=\"utility2FooterDiv\">\\n\\","    [ this app was created with\\n\\","    <a href=\"https://github.com/kaizhu256/node-utility2\" target=\"_blank\">utility2</a>\\n\\","    ]\\n\\","</div>\\n\\","</body>\\n\\","</html>\\n\\","';","        /* jslint-ignore-end */","        if (local.templateRender) {","            local.assetsDict['/'] = local.templateRender(","                local.assetsDict['/assets.index.template.html'],","                {","                    env: local.objectSetDefault(local.env, {","                        npm_package_description: 'the greatest app in the world!',","                        npm_package_name: 'my-app',","                        npm_package_nameAlias: 'my_app',","                        npm_package_version: '0.0.1'","                    })","                }","            );","        } else {","            local.assetsDict['/'] = local.assetsDict['/assets.index.template.html']","                .replace((/\\{\\{env\\.(\\w+?)\\}\\}/g), function (match0, match1) {","                    // jslint-hack","                    String(match0);","                    switch (match1) {","                    case 'npm_package_description':","                        return 'the greatest app in the world!';","                    case 'npm_package_name':","                        return 'my-app';","                    case 'npm_package_nameAlias':","                        return 'my_app';","                    case 'npm_package_version':","                        return '0.0.1';","                    }","                });","        }","        // run the cli","        if (local.global.utility2_rollup || module !== require.main) {","            break;","        }","        local.assetsDict['/assets.example.js'] =","            local.assetsDict['/assets.example.js'] ||","            local.fs.readFileSync(__filename, 'utf8');","        // bug-workaround - long $npm_package_buildCustomOrg","        /* jslint-ignore-begin */","        local.assetsDict['/assets.npmtest_apidoc.rollup.js'] =","            local.assetsDict['/assets.npmtest_apidoc.rollup.js'] ||","            local.fs.readFileSync(","                local.npmtest_apidoc.__dirname + '/lib.npmtest_apidoc.js',","                'utf8'","            ).replace((/^#!/), '//');","        /* jslint-ignore-end */","        local.assetsDict['/favicon.ico'] = local.assetsDict['/favicon.ico'] || '';","        // if $npm_config_timeout_exit exists,","        // then exit this process after $npm_config_timeout_exit ms","        if (Number(process.env.npm_config_timeout_exit)) {","            setTimeout(process.exit, Number(process.env.npm_config_timeout_exit));","        }","        // start server","        if (local.global.utility2_serverHttp1) {","            break;","        }","        process.env.PORT = process.env.PORT || '8081';","        console.error('server starting on port ' + process.env.PORT);","        local.http.createServer(function (request, response) {","            request.urlParsed = local.url.parse(request.url);","            if (local.assetsDict[request.urlParsed.pathname] !== undefined) {","                response.end(local.assetsDict[request.urlParsed.pathname]);","                return;","            }","            response.statusCode = 404;","            response.end();","        }).listen(process.env.PORT);","        break;","    }","}());",""],"l":{"26":2,"28":2,"33":2,"35":2,"37":2,"38":2,"39":2,"44":1,"51":2,"55":2,"59":2,"61":2,"69":1,"70":2,"76":2,"79":2,"82":2,"83":2,"85":1,"89":2,"92":1,"93":1,"94":1,"96":1,"97":1,"100":1,"101":1,"103":1,"106":1,"108":2,"114":1,"116":1,"118":1,"123":1,"124":2,"125":2,"126":3,"127":3,"128":3,"129":3,"130":1,"133":3,"134":3,"139":3,"143":1,"144":3,"145":1,"149":1,"150":1,"158":1,"160":1,"161":1,"162":1,"164":1,"166":1,"258":1,"259":1,"271":1,"274":6,"275":6,"277":1,"279":2,"281":1,"283":2,"288":1,"289":1,"291":1,"296":1,"303":1,"306":1,"307":1,"310":1,"311":1,"313":1,"314":1,"315":1,"316":1,"317":1,"318":1,"319":1,"321":1,"322":1,"324":1}},"/home/travis/build/npmtest/node-npmtest-apidoc/node_modules/apidoc/lib/index.js":{"path":"/home/travis/build/npmtest/node-npmtest-apidoc/node_modules/apidoc/lib/index.js","s":{"1":1,"2":1,"3":1,"4":1,"5":1,"6":1,"7":1,"8":1,"9":1,"10":1,"11":0,"12":0,"13":0,"14":1,"15":0,"16":0,"17":0,"18":0,"19":0,"20":0,"21":0,"22":0,"23":0,"24":0,"25":0,"26":0,"27":0,"28":0,"29":0,"30":0,"31":0,"32":0,"33":0,"34":0,"35":0,"36":0,"37":0,"38":0,"39":0,"40":0,"41":0,"42":0,"43":0,"44":0,"45":0,"46":0,"47":0,"48":0,"49":0,"50":0,"51":0,"52":0,"53":0,"54":0,"55":0,"56":0,"57":1,"58":0,"59":0,"60":0,"61":0,"62":0,"63":0,"64":0,"65":0,"66":0,"67":0,"68":0,"69":0,"70":0,"71":0,"72":0,"73":0,"74":0,"75":0,"76":0,"77":0,"78":1},"b":{"1":[0,0],"2":[0,0],"3":[0,0],"4":[0,0],"5":[0,0],"6":[0,0],"7":[0,0],"8":[0,0],"9":[0,0],"10":[0,0],"11":[0,0],"12":[0,0],"13":[0,0],"14":[0,0],"15":[0,0],"16":[0,0],"17":[0,0],"18":[0,0]},"f":{"1":0,"2":0,"3":0},"fnMap":{"1":{"name":"(anonymous_1)","line":33,"loc":{"start":{"line":33,"column":32},"end":{"line":33,"column":46}}},"2":{"name":"createDoc","line":45,"loc":{"start":{"line":45,"column":0},"end":{"line":45,"column":28}}},"3":{"name":"createOutputFiles","line":141,"loc":{"start":{"line":141,"column":0},"end":{"line":141,"column":32}}}},"statementMap":{"1":{"start":{"line":1,"column":0},"end":{"line":1,"column":33}},"2":{"start":{"line":2,"column":0},"end":{"line":2,"column":38}},"3":{"start":{"line":3,"column":0},"end":{"line":3,"column":35}},"4":{"start":{"line":4,"column":0},"end":{"line":4,"column":31}},"5":{"start":{"line":5,"column":0},"end":{"line":5,"column":34}},"6":{"start":{"line":6,"column":0},"end":{"line":6,"column":38}},"7":{"start":{"line":8,"column":0},"end":{"line":8,"column":44}},"8":{"start":{"line":10,"column":0},"end":{"line":24,"column":2}},"9":{"start":{"line":26,"column":0},"end":{"line":30,"column":2}},"10":{"start":{"line":33,"column":0},"end":{"line":37,"column":3}},"11":{"start":{"line":34,"column":4},"end":{"line":34,"column":83}},"12":{"start":{"line":35,"column":4},"end":{"line":35,"column":29}},"13":{"start":{"line":36,"column":4},"end":{"line":36,"column":20}},"14":{"start":{"line":45,"column":0},"end":{"line":133,"column":1}},"15":{"start":{"line":46,"column":4},"end":{"line":46,"column":12}},"16":{"start":{"line":47,"column":4},"end":{"line":47,"column":49}},"17":{"start":{"line":48,"column":4},"end":{"line":48,"column":23}},"18":{"start":{"line":49,"column":4},"end":{"line":49,"column":20}},"19":{"start":{"line":51,"column":4},"end":{"line":51,"column":48}},"20":{"start":{"line":54,"column":4},"end":{"line":54,"column":53}},"21":{"start":{"line":55,"column":4},"end":{"line":55,"column":57}},"22":{"start":{"line":58,"column":4},"end":{"line":65,"column":5}},"23":{"start":{"line":59,"column":8},"end":{"line":64,"column":38}},"24":{"start":{"line":60,"column":12},"end":{"line":60,"column":40}},"25":{"start":{"line":61,"column":13},"end":{"line":64,"column":38}},"26":{"start":{"line":62,"column":12},"end":{"line":62,"column":38}},"27":{"start":{"line":64,"column":12},"end":{"line":64,"column":38}},"28":{"start":{"line":68,"column":4},"end":{"line":68,"column":26}},"29":{"start":{"line":71,"column":4},"end":{"line":81,"column":7}},"30":{"start":{"line":84,"column":4},"end":{"line":95,"column":5}},"31":{"start":{"line":85,"column":8},"end":{"line":90,"column":11}},"32":{"start":{"line":91,"column":11},"end":{"line":95,"column":5}},"33":{"start":{"line":93,"column":8},"end":{"line":93,"column":49}},"34":{"start":{"line":94,"column":8},"end":{"line":94,"column":40}},"35":{"start":{"line":96,"column":4},"end":{"line":96,"column":40}},"36":{"start":{"line":98,"column":4},"end":{"line":132,"column":5}},"37":{"start":{"line":99,"column":8},"end":{"line":99,"column":43}},"38":{"start":{"line":102,"column":8},"end":{"line":102,"column":86}},"39":{"start":{"line":103,"column":8},"end":{"line":108,"column":11}},"40":{"start":{"line":109,"column":8},"end":{"line":109,"column":34}},"41":{"start":{"line":110,"column":8},"end":{"line":110,"column":49}},"42":{"start":{"line":111,"column":8},"end":{"line":111,"column":50}},"43":{"start":{"line":113,"column":8},"end":{"line":113,"column":40}},"44":{"start":{"line":115,"column":8},"end":{"line":118,"column":9}},"45":{"start":{"line":116,"column":12},"end":{"line":116,"column":43}},"46":{"start":{"line":117,"column":12},"end":{"line":117,"column":24}},"47":{"start":{"line":119,"column":8},"end":{"line":120,"column":25}},"48":{"start":{"line":120,"column":12},"end":{"line":120,"column":25}},"49":{"start":{"line":122,"column":8},"end":{"line":123,"column":35}},"50":{"start":{"line":123,"column":12},"end":{"line":123,"column":35}},"51":{"start":{"line":125,"column":8},"end":{"line":125,"column":30}},"52":{"start":{"line":126,"column":8},"end":{"line":126,"column":19}},"53":{"start":{"line":128,"column":8},"end":{"line":128,"column":33}},"54":{"start":{"line":129,"column":8},"end":{"line":130,"column":35}},"55":{"start":{"line":130,"column":12},"end":{"line":130,"column":35}},"56":{"start":{"line":131,"column":8},"end":{"line":131,"column":21}},"57":{"start":{"line":141,"column":0},"end":{"line":170,"column":1}},"58":{"start":{"line":142,"column":4},"end":{"line":143,"column":85}},"59":{"start":{"line":143,"column":8},"end":{"line":143,"column":85}},"60":{"start":{"line":145,"column":4},"end":{"line":145,"column":55}},"61":{"start":{"line":146,"column":4},"end":{"line":147,"column":40}},"62":{"start":{"line":147,"column":8},"end":{"line":147,"column":40}},"63":{"start":{"line":149,"column":4},"end":{"line":149,"column":90}},"64":{"start":{"line":150,"column":4},"end":{"line":151,"column":60}},"65":{"start":{"line":151,"column":8},"end":{"line":151,"column":60}},"66":{"start":{"line":154,"column":4},"end":{"line":154,"column":78}},"67":{"start":{"line":155,"column":4},"end":{"line":156,"column":80}},"68":{"start":{"line":156,"column":8},"end":{"line":156,"column":80}},"69":{"start":{"line":158,"column":4},"end":{"line":158,"column":74}},"70":{"start":{"line":159,"column":4},"end":{"line":160,"column":108}},"71":{"start":{"line":160,"column":8},"end":{"line":160,"column":108}},"72":{"start":{"line":163,"column":4},"end":{"line":163,"column":81}},"73":{"start":{"line":164,"column":4},"end":{"line":165,"column":86}},"74":{"start":{"line":165,"column":8},"end":{"line":165,"column":86}},"75":{"start":{"line":167,"column":4},"end":{"line":167,"column":77}},"76":{"start":{"line":168,"column":4},"end":{"line":169,"column":103}},"77":{"start":{"line":169,"column":8},"end":{"line":169,"column":103}},"78":{"start":{"line":172,"column":0},"end":{"line":174,"column":2}}},"branchMap":{"1":{"line":58,"type":"if","locations":[{"start":{"line":58,"column":4},"end":{"line":58,"column":4}},{"start":{"line":58,"column":4},"end":{"line":58,"column":4}}]},"2":{"line":59,"type":"if","locations":[{"start":{"line":59,"column":8},"end":{"line":59,"column":8}},{"start":{"line":59,"column":8},"end":{"line":59,"column":8}}]},"3":{"line":61,"type":"if","locations":[{"start":{"line":61,"column":13},"end":{"line":61,"column":13}},{"start":{"line":61,"column":13},"end":{"line":61,"column":13}}]},"4":{"line":74,"type":"cond-expr","locations":[{"start":{"line":74,"column":49},"end":{"line":74,"column":56}},{"start":{"line":74,"column":59},"end":{"line":74,"column":99}}]},"5":{"line":74,"type":"cond-expr","locations":[{"start":{"line":74,"column":81},"end":{"line":74,"column":90}},{"start":{"line":74,"column":93},"end":{"line":74,"column":99}}]},"6":{"line":84,"type":"if","locations":[{"start":{"line":84,"column":4},"end":{"line":84,"column":4}},{"start":{"line":84,"column":4},"end":{"line":84,"column":4}}]},"7":{"line":91,"type":"if","locations":[{"start":{"line":91,"column":11},"end":{"line":91,"column":11}},{"start":{"line":91,"column":11},"end":{"line":91,"column":11}}]},"8":{"line":115,"type":"if","locations":[{"start":{"line":115,"column":8},"end":{"line":115,"column":8}},{"start":{"line":115,"column":8},"end":{"line":115,"column":8}}]},"9":{"line":119,"type":"if","locations":[{"start":{"line":119,"column":8},"end":{"line":119,"column":8}},{"start":{"line":119,"column":8},"end":{"line":119,"column":8}}]},"10":{"line":122,"type":"if","locations":[{"start":{"line":122,"column":8},"end":{"line":122,"column":8}},{"start":{"line":122,"column":8},"end":{"line":122,"column":8}}]},"11":{"line":129,"type":"if","locations":[{"start":{"line":129,"column":8},"end":{"line":129,"column":8}},{"start":{"line":129,"column":8},"end":{"line":129,"column":8}}]},"12":{"line":142,"type":"if","locations":[{"start":{"line":142,"column":4},"end":{"line":142,"column":4}},{"start":{"line":142,"column":4},"end":{"line":142,"column":4}}]},"13":{"line":146,"type":"if","locations":[{"start":{"line":146,"column":4},"end":{"line":146,"column":4}},{"start":{"line":146,"column":4},"end":{"line":146,"column":4}}]},"14":{"line":150,"type":"if","locations":[{"start":{"line":150,"column":4},"end":{"line":150,"column":4}},{"start":{"line":150,"column":4},"end":{"line":150,"column":4}}]},"15":{"line":155,"type":"if","locations":[{"start":{"line":155,"column":4},"end":{"line":155,"column":4}},{"start":{"line":155,"column":4},"end":{"line":155,"column":4}}]},"16":{"line":159,"type":"if","locations":[{"start":{"line":159,"column":4},"end":{"line":159,"column":4}},{"start":{"line":159,"column":4},"end":{"line":159,"column":4}}]},"17":{"line":164,"type":"if","locations":[{"start":{"line":164,"column":4},"end":{"line":164,"column":4}},{"start":{"line":164,"column":4},"end":{"line":164,"column":4}}]},"18":{"line":168,"type":"if","locations":[{"start":{"line":168,"column":4},"end":{"line":168,"column":4}},{"start":{"line":168,"column":4},"end":{"line":168,"column":4}}]}},"code":["var _        = require('lodash');","var apidoc   = require('apidoc-core');","var fs       = require('fs-extra');","var path     = require('path');","var winston  = require('winston');","var Markdown = require('markdown-it');","","var PackageInfo = require('./package_info');","","var defaults = {","    dest    : path.join(__dirname, '../doc/'),","    template: path.join(__dirname, '../template/'),","","    debug     : false,","    silent    : false,","    verbose   : false,","    simulate  : false,","    parse     : false, // Only parse and return the data, no file creation.","    colorize  : true,","    markdown  : true,","    config    : './',","    apiprivate: false,","    encoding  : 'utf8'","};","","var app = {","    log     : {},","    markdownParser: null,","    options : {}","};","","// Display uncaught Exception.","process.on('uncaughtException', function(err) {","    console.error((new Date()).toUTCString() + ' uncaughtException:', err.message);","    console.error(err.stack);","    process.exit(1);","});","","/**"," * Create the documentation"," *"," * @param  {Object} options See defaults and apidoc-core defaults for all options / `apidoc --help`"," * @returns {Mixed} true = ok, but nothing todo | false = error | Object with parsed data and project-informations."," */","function createDoc(options) {","    var api;","    var apidocPath = path.join(__dirname, '../');","    var markdownParser;","    var packageInfo;","","    options = _.defaults({}, options, defaults);","","    // Paths.","    options.dest     = path.join(options.dest, './');","    options.template = path.join(options.template, './');","","    // Line-Ending.","    if (options.lineEnding) {","        if (options.lineEnding === 'CRLF')","            options.lineEnding = '\\r\\n'; // win32","        else if (options.lineEnding === 'CR')","            options.lineEnding = '\\r'; // darwin","        else","            options.lineEnding = '\\n'; // linux","    }","","    // Options.","    app.options = options;","","    // Logger.","    app.log = new (winston.Logger)({","        transports: [","            new (winston.transports.Console)({","                level      : app.options.debug ? 'debug' : app.options.verbose ? 'verbose' : 'info',","                silent     : app.options.silent,","                prettyPrint: true,","                colorize   : app.options.colorize,","                timestamp  : false","            }),","        ]","    });","","    // Markdown Parser: enable / disable / use a custom parser.","    if(app.options.markdown === true) {","        markdownParser = new Markdown({","            breaks     : false,","            html       : true,","            linkify    : false,","            typographer: false","        });","    } else if(app.options.markdown !== false) {","        // Include custom Parser @see MARKDOWN.md and test/fixtures/custom_markdown_parser.js","        Markdown = require(app.options.markdown); // Overwrite default Markdown.","        markdownParser = new Markdown();","    }","    app.markdownParser = markdownParser;","","    try {","        packageInfo = new PackageInfo(app);","","        // generator information","        var json = JSON.parse( fs.readFileSync(apidocPath + 'package.json', 'utf8') );","        apidoc.setGeneratorInfos({","            name   : json.name,","            time   : new Date(),","            url    : json.homepage,","            version: json.version","        });","        apidoc.setLogger(app.log);","        apidoc.setMarkdownParser(markdownParser);","        apidoc.setPackageInfos(packageInfo.get());","","        api = apidoc.parse(app.options);","","        if (api === true) {","            app.log.info('Nothing to do.');","            return true;","        }","        if (api === false)","            return false;","","        if (app.options.parse !== true)","            createOutputFiles(api);","","        app.log.info('Done.');","        return api;","    } catch(e) {","        app.log.error(e.message);","        if (e.stack)","            app.log.debug(e.stack);","        return false;","    }","}","","/**"," * Save parsed data to files"," *"," * @param {Object[]} blocks"," * @param {Object} packageInfos"," */","function createOutputFiles(api) {","    if (app.options.simulate)","        app.log.warn('!!! Simulation !!! No file or dir will be copied or created.');","","    app.log.verbose('create dir: ' + app.options.dest);","    if ( ! app.options.simulate)","        fs.mkdirsSync(app.options.dest);","","    app.log.verbose('copy template ' + app.options.template + ' to: ' + app.options.dest);","    if ( ! app.options.simulate)","        fs.copySync(app.options.template, app.options.dest);","","    // Write api_data","    app.log.verbose('write json file: ' + app.options.dest + 'api_data.json');","    if( ! app.options.simulate)","        fs.writeFileSync(app.options.dest + './api_data.json', api.data + '\\n');","","    app.log.verbose('write js file: ' + app.options.dest + 'api_data.js');","    if( ! app.options.simulate)","        fs.writeFileSync(app.options.dest + './api_data.js', 'define({ \"api\": ' + api.data + ' });' + '\\n');","","    // Write api_project","    app.log.verbose('write json file: ' + app.options.dest + 'api_project.json');","    if( ! app.options.simulate)","        fs.writeFileSync(app.options.dest + './api_project.json', api.project + '\\n');","","    app.log.verbose('write js file: ' + app.options.dest + 'api_project.js');","    if( ! app.options.simulate)","        fs.writeFileSync(app.options.dest + './api_project.js', 'define(' + api.project + ');' + '\\n');","}","","module.exports = {","    createDoc: createDoc","};",""],"l":{"1":1,"2":1,"3":1,"4":1,"5":1,"6":1,"8":1,"10":1,"26":1,"33":1,"34":0,"35":0,"36":0,"45":1,"46":0,"47":0,"48":0,"49":0,"51":0,"54":0,"55":0,"58":0,"59":0,"60":0,"61":0,"62":0,"64":0,"68":0,"71":0,"84":0,"85":0,"91":0,"93":0,"94":0,"96":0,"98":0,"99":0,"102":0,"103":0,"109":0,"110":0,"111":0,"113":0,"115":0,"116":0,"117":0,"119":0,"120":0,"122":0,"123":0,"125":0,"126":0,"128":0,"129":0,"130":0,"131":0,"141":1,"142":0,"143":0,"145":0,"146":0,"147":0,"149":0,"150":0,"151":0,"154":0,"155":0,"156":0,"158":0,"159":0,"160":0,"163":0,"164":0,"165":0,"167":0,"168":0,"169":0,"172":1}},"/home/travis/build/npmtest/node-npmtest-apidoc/node_modules/apidoc-core/lib/index.js":{"path":"/home/travis/build/npmtest/node-npmtest-apidoc/node_modules/apidoc-core/lib/index.js","s":{"1":1,"2":1,"3":1,"4":1,"5":1,"6":1,"7":1,"8":1,"9":1,"10":1,"11":1,"12":1,"13":1,"14":1,"15":1,"16":1,"17":1,"18":1,"19":0,"20":0,"21":0,"22":0,"23":0,"24":1,"25":0,"26":1,"27":1,"28":0,"29":1,"30":0,"31":1,"32":1,"33":0,"34":0,"35":0,"36":0,"37":0,"38":0,"39":0,"40":0,"41":0,"42":0,"43":0,"44":0,"45":0,"46":0,"47":0,"48":0,"49":0,"50":0,"51":0,"52":0,"53":0,"54":0,"55":0,"56":0,"57":0,"58":0,"59":0,"60":0,"61":0,"62":0,"63":0,"64":0,"65":0,"66":0,"67":0,"68":0,"69":0,"70":0,"71":0,"72":0,"73":0,"74":0,"75":0,"76":0,"77":0,"78":0,"79":0,"80":0,"81":0,"82":0,"83":0,"84":0,"85":0,"86":0,"87":0,"88":0,"89":0,"90":0,"91":0,"92":0,"93":0,"94":0,"95":0,"96":0,"97":0,"98":0,"99":0,"100":0,"101":0,"102":0,"103":0,"104":0,"105":0,"106":0,"107":0,"108":0,"109":0,"110":0,"111":0,"112":0,"113":0,"114":0,"115":0,"116":0,"117":0,"118":0,"119":0,"120":0,"121":0,"122":0,"123":1,"124":0,"125":1,"126":0,"127":1,"128":0,"129":1,"130":0,"131":1,"132":0,"133":0,"134":0,"135":0,"136":0,"137":0,"138":0,"139":0,"140":0,"141":0,"142":0,"143":0,"144":0,"145":1,"146":0,"147":0,"148":0,"149":0,"150":0,"151":0,"152":1},"b":{"1":[0,1],"2":[0,1],"3":[0,0],"4":[0,0],"5":[0,0],"6":[0,0],"7":[0,0],"8":[0,0],"9":[0,0],"10":[0,0],"11":[0,0],"12":[0,0],"13":[0,0],"14":[0,0],"15":[0,0],"16":[0,0],"17":[0,0],"18":[0,0],"19":[0,0],"20":[0,0],"21":[0,0],"22":[0,0],"23":[0,0]},"f":{"1":0,"2":0,"3":0,"4":0,"5":0,"6":0,"7":1,"8":0,"9":0,"10":0,"11":0,"12":0,"13":0,"14":0,"15":0,"16":0,"17":0,"18":0,"19":0,"20":0},"fnMap":{"1":{"name":"(anonymous_1)","line":121,"loc":{"start":{"line":121,"column":13},"end":{"line":121,"column":24}}},"2":{"name":"(anonymous_2)","line":122,"loc":{"start":{"line":122,"column":13},"end":{"line":122,"column":24}}},"3":{"name":"(anonymous_3)","line":123,"loc":{"start":{"line":123,"column":13},"end":{"line":123,"column":24}}},"4":{"name":"(anonymous_4)","line":124,"loc":{"start":{"line":124,"column":13},"end":{"line":124,"column":24}}},"5":{"name":"(anonymous_5)","line":125,"loc":{"start":{"line":125,"column":13},"end":{"line":125,"column":24}}},"6":{"name":"getSpecificationVersion","line":133,"loc":{"start":{"line":133,"column":0},"end":{"line":133,"column":35}}},"7":{"name":"detectLineEnding","line":142,"loc":{"start":{"line":142,"column":0},"end":{"line":142,"column":28}}},"8":{"name":"parse","line":162,"loc":{"start":{"line":162,"column":0},"end":{"line":162,"column":24}}},"9":{"name":"(anonymous_9)","line":208,"loc":{"start":{"line":208,"column":32},"end":{"line":208,"column":49}}},"10":{"name":"(anonymous_10)","line":232,"loc":{"start":{"line":232,"column":24},"end":{"line":232,"column":39}}},"11":{"name":"(anonymous_11)","line":281,"loc":{"start":{"line":281,"column":26},"end":{"line":281,"column":40}}},"12":{"name":"(anonymous_12)","line":298,"loc":{"start":{"line":298,"column":26},"end":{"line":298,"column":40}}},"13":{"name":"setGeneratorInfos","line":323,"loc":{"start":{"line":323,"column":0},"end":{"line":323,"column":38}}},"14":{"name":"setLogger","line":338,"loc":{"start":{"line":338,"column":0},"end":{"line":338,"column":27}}},"15":{"name":"setMarkdownParser","line":347,"loc":{"start":{"line":347,"column":0},"end":{"line":347,"column":43}}},"16":{"name":"setPackageInfos","line":360,"loc":{"start":{"line":360,"column":0},"end":{"line":360,"column":39}}},"17":{"name":"addHook","line":372,"loc":{"start":{"line":372,"column":0},"end":{"line":372,"column":39}}},"18":{"name":"(anonymous_18)","line":383,"loc":{"start":{"line":383,"column":29},"end":{"line":383,"column":52}}},"19":{"name":"applyHook","line":401,"loc":{"start":{"line":401,"column":0},"end":{"line":401,"column":41}}},"20":{"name":"(anonymous_20)","line":406,"loc":{"start":{"line":406,"column":29},"end":{"line":406,"column":44}}}},"statementMap":{"1":{"start":{"line":1,"column":0},"end":{"line":1,"column":31}},"2":{"start":{"line":2,"column":0},"end":{"line":2,"column":27}},"3":{"start":{"line":3,"column":0},"end":{"line":3,"column":27}},"4":{"start":{"line":4,"column":0},"end":{"line":4,"column":29}},"5":{"start":{"line":5,"column":0},"end":{"line":5,"column":31}},"6":{"start":{"line":8,"column":0},"end":{"line":8,"column":33}},"7":{"start":{"line":9,"column":0},"end":{"line":9,"column":33}},"8":{"start":{"line":10,"column":0},"end":{"line":10,"column":33}},"9":{"start":{"line":12,"column":0},"end":{"line":12,"column":46}},"10":{"start":{"line":14,"column":0},"end":{"line":14,"column":52}},"11":{"start":{"line":15,"column":0},"end":{"line":15,"column":54}},"12":{"start":{"line":16,"column":0},"end":{"line":16,"column":54}},"13":{"start":{"line":19,"column":0},"end":{"line":19,"column":36}},"14":{"start":{"line":21,"column":0},"end":{"line":34,"column":2}},"15":{"start":{"line":36,"column":0},"end":{"line":101,"column":2}},"16":{"start":{"line":103,"column":0},"end":{"line":108,"column":2}},"17":{"start":{"line":111,"column":0},"end":{"line":117,"column":2}},"18":{"start":{"line":120,"column":0},"end":{"line":126,"column":2}},"19":{"start":{"line":121,"column":26},"end":{"line":121,"column":49}},"20":{"start":{"line":122,"column":26},"end":{"line":122,"column":49}},"21":{"start":{"line":123,"column":26},"end":{"line":123,"column":49}},"22":{"start":{"line":124,"column":26},"end":{"line":124,"column":49}},"23":{"start":{"line":125,"column":26},"end":{"line":125,"column":49}},"24":{"start":{"line":133,"column":0},"end":{"line":135,"column":1}},"25":{"start":{"line":134,"column":4},"end":{"line":134,"column":33}},"26":{"start":{"line":142,"column":0},"end":{"line":148,"column":1}},"27":{"start":{"line":143,"column":4},"end":{"line":144,"column":22}},"28":{"start":{"line":144,"column":8},"end":{"line":144,"column":22}},"29":{"start":{"line":145,"column":4},"end":{"line":146,"column":20}},"30":{"start":{"line":146,"column":8},"end":{"line":146,"column":20}},"31":{"start":{"line":147,"column":4},"end":{"line":147,"column":16}},"32":{"start":{"line":162,"column":0},"end":{"line":312,"column":1}},"33":{"start":{"line":163,"column":4},"end":{"line":163,"column":48}},"34":{"start":{"line":166,"column":4},"end":{"line":166,"column":65}},"35":{"start":{"line":167,"column":4},"end":{"line":167,"column":69}},"36":{"start":{"line":168,"column":4},"end":{"line":168,"column":65}},"37":{"start":{"line":169,"column":4},"end":{"line":169,"column":65}},"38":{"start":{"line":170,"column":4},"end":{"line":170,"column":61}},"39":{"start":{"line":173,"column":4},"end":{"line":173,"column":26}},"40":{"start":{"line":176,"column":4},"end":{"line":176,"column":68}},"41":{"start":{"line":179,"column":4},"end":{"line":179,"column":77}},"42":{"start":{"line":181,"column":4},"end":{"line":181,"column":25}},"43":{"start":{"line":182,"column":4},"end":{"line":182,"column":29}},"44":{"start":{"line":184,"column":4},"end":{"line":311,"column":5}},"45":{"start":{"line":186,"column":8},"end":{"line":186,"column":69}},"46":{"start":{"line":187,"column":8},"end":{"line":187,"column":76}},"47":{"start":{"line":188,"column":8},"end":{"line":188,"column":75}},"48":{"start":{"line":189,"column":8},"end":{"line":189,"column":78}},"49":{"start":{"line":190,"column":8},"end":{"line":190,"column":76}},"50":{"start":{"line":191,"column":8},"end":{"line":191,"column":82}},"51":{"start":{"line":193,"column":8},"end":{"line":193,"column":30}},"52":{"start":{"line":195,"column":8},"end":{"line":195,"column":37}},"53":{"start":{"line":196,"column":8},"end":{"line":196,"column":37}},"54":{"start":{"line":197,"column":8},"end":{"line":197,"column":37}},"55":{"start":{"line":200,"column":8},"end":{"line":200,"column":28}},"56":{"start":{"line":201,"column":8},"end":{"line":201,"column":28}},"57":{"start":{"line":202,"column":8},"end":{"line":202,"column":28}},"58":{"start":{"line":206,"column":8},"end":{"line":206,"column":38}},"59":{"start":{"line":207,"column":8},"end":{"line":220,"column":9}},"60":{"start":{"line":208,"column":12},"end":{"line":214,"column":15}},"61":{"start":{"line":211,"column":16},"end":{"line":211,"column":44}},"62":{"start":{"line":212,"column":16},"end":{"line":212,"column":60}},"63":{"start":{"line":213,"column":16},"end":{"line":213,"column":79}},"64":{"start":{"line":218,"column":12},"end":{"line":218,"column":55}},"65":{"start":{"line":219,"column":12},"end":{"line":219,"column":69}},"66":{"start":{"line":222,"column":8},"end":{"line":261,"column":9}},"67":{"start":{"line":224,"column":12},"end":{"line":224,"column":42}},"68":{"start":{"line":225,"column":12},"end":{"line":225,"column":75}},"69":{"start":{"line":228,"column":12},"end":{"line":228,"column":42}},"70":{"start":{"line":229,"column":12},"end":{"line":229,"column":70}},"71":{"start":{"line":232,"column":12},"end":{"line":241,"column":15}},"72":{"start":{"line":233,"column":16},"end":{"line":233,"column":45}},"73":{"start":{"line":234,"column":16},"end":{"line":234,"column":45}},"74":{"start":{"line":235,"column":16},"end":{"line":239,"column":17}},"75":{"start":{"line":236,"column":20},"end":{"line":237,"column":33}},"76":{"start":{"line":237,"column":24},"end":{"line":237,"column":33}},"77":{"start":{"line":238,"column":20},"end":{"line":238,"column":71}},"78":{"start":{"line":240,"column":16},"end":{"line":240,"column":48}},"79":{"start":{"line":244,"column":12},"end":{"line":244,"column":60}},"80":{"start":{"line":247,"column":12},"end":{"line":247,"column":55}},"81":{"start":{"line":250,"column":12},"end":{"line":250,"column":58}},"82":{"start":{"line":251,"column":12},"end":{"line":251,"column":79}},"83":{"start":{"line":254,"column":12},"end":{"line":254,"column":71}},"84":{"start":{"line":255,"column":12},"end":{"line":255,"column":85}},"85":{"start":{"line":257,"column":12},"end":{"line":260,"column":14}},"86":{"start":{"line":262,"column":8},"end":{"line":262,"column":20}},"87":{"start":{"line":265,"column":8},"end":{"line":265,"column":18}},"88":{"start":{"line":266,"column":8},"end":{"line":266,"column":22}},"89":{"start":{"line":267,"column":8},"end":{"line":309,"column":9}},"90":{"start":{"line":268,"column":12},"end":{"line":268,"column":38}},"91":{"start":{"line":269,"column":12},"end":{"line":269,"column":43}},"92":{"start":{"line":270,"column":15},"end":{"line":309,"column":9}},"93":{"start":{"line":271,"column":12},"end":{"line":271,"column":28}},"94":{"start":{"line":272,"column":12},"end":{"line":273,"column":54}},"95":{"start":{"line":273,"column":16},"end":{"line":273,"column":54}},"96":{"start":{"line":274,"column":12},"end":{"line":275,"column":62}},"97":{"start":{"line":275,"column":16},"end":{"line":275,"column":62}},"98":{"start":{"line":276,"column":12},"end":{"line":277,"column":52}},"99":{"start":{"line":277,"column":16},"end":{"line":277,"column":52}},"100":{"start":{"line":278,"column":12},"end":{"line":279,"column":50}},"101":{"start":{"line":279,"column":16},"end":{"line":279,"column":50}},"102":{"start":{"line":281,"column":12},"end":{"line":284,"column":15}},"103":{"start":{"line":282,"column":16},"end":{"line":282,"column":46}},"104":{"start":{"line":283,"column":16},"end":{"line":283,"column":37}},"105":{"start":{"line":286,"column":12},"end":{"line":286,"column":43}},"106":{"start":{"line":288,"column":13},"end":{"line":309,"column":9}},"107":{"start":{"line":289,"column":12},"end":{"line":289,"column":28}},"108":{"start":{"line":290,"column":12},"end":{"line":291,"column":59}},"109":{"start":{"line":291,"column":16},"end":{"line":291,"column":59}},"110":{"start":{"line":292,"column":12},"end":{"line":293,"column":53}},"111":{"start":{"line":293,"column":16},"end":{"line":293,"column":53}},"112":{"start":{"line":294,"column":12},"end":{"line":294,"column":58}},"113":{"start":{"line":295,"column":12},"end":{"line":295,"column":48}},"114":{"start":{"line":296,"column":12},"end":{"line":296,"column":46}},"115":{"start":{"line":298,"column":12},"end":{"line":301,"column":15}},"116":{"start":{"line":299,"column":16},"end":{"line":299,"column":46}},"117":{"start":{"line":300,"column":16},"end":{"line":300,"column":37}},"118":{"start":{"line":303,"column":12},"end":{"line":303,"column":43}},"119":{"start":{"line":306,"column":12},"end":{"line":306,"column":37}},"120":{"start":{"line":307,"column":12},"end":{"line":308,"column":39}},"121":{"start":{"line":308,"column":16},"end":{"line":308,"column":39}},"122":{"start":{"line":310,"column":8},"end":{"line":310,"column":21}},"123":{"start":{"line":323,"column":0},"end":{"line":325,"column":1}},"124":{"start":{"line":324,"column":4},"end":{"line":324,"column":30}},"125":{"start":{"line":338,"column":0},"end":{"line":340,"column":1}},"126":{"start":{"line":339,"column":4},"end":{"line":339,"column":21}},"127":{"start":{"line":347,"column":0},"end":{"line":349,"column":1}},"128":{"start":{"line":348,"column":4},"end":{"line":348,"column":40}},"129":{"start":{"line":360,"column":0},"end":{"line":362,"column":1}},"130":{"start":{"line":361,"column":4},"end":{"line":361,"column":36}},"131":{"start":{"line":372,"column":0},"end":{"line":396,"column":1}},"132":{"start":{"line":373,"column":4},"end":{"line":373,"column":31}},"133":{"start":{"line":375,"column":4},"end":{"line":376,"column":29}},"134":{"start":{"line":376,"column":8},"end":{"line":376,"column":29}},"135":{"start":{"line":378,"column":4},"end":{"line":378,"column":63}},"136":{"start":{"line":381,"column":4},"end":{"line":381,"column":20}},"137":{"start":{"line":382,"column":4},"end":{"line":382,"column":16}},"138":{"start":{"line":383,"column":4},"end":{"line":390,"column":7}},"139":{"start":{"line":384,"column":8},"end":{"line":389,"column":9}},"140":{"start":{"line":385,"column":12},"end":{"line":385,"column":24}},"141":{"start":{"line":386,"column":12},"end":{"line":386,"column":24}},"142":{"start":{"line":387,"column":15},"end":{"line":389,"column":9}},"143":{"start":{"
[...]
       break;","        }","      }","      return html.join('');","    };","","    // Exports","    return Handlebars;","});",""],"l":{"1":2,"13":0,"14":0,"15":0,"17":0,"18":0,"19":0,"21":0,"27":0,"28":0,"29":0,"30":0,"33":0,"34":0,"35":0,"42":0,"43":0,"50":0,"51":0,"52":0,"59":0,"60":0,"66":0,"67":0,"68":0,"69":0,"70":0,"71":0,"73":0,"79":0,"80":0,"86":0,"87":0,"89":0,"90":0,"92":0,"93":0,"95":0,"101":0,"102":0,"104":0,"105":0,"107":0,"108":0,"110":0,"116":0,"117":0,"118":0,"119":0,"121":0,"122":0,"123":0,"129":0,"130":0,"136":0,"137":0,"138":0,"147":1,"148":0,"154":0,"155":0,"156":0,"157":0,"158":0,"159":0,"160":0,"161":0,"165":0,"166":0,"167":0,"168":0,"169":0,"170":0,"173":0,"179":0,"180":0,"181":0,"182":0,"183":0,"184":0,"185":0,"186":0,"187":0,"191":0,"192":0,"193":0,"194":0,"195":0,"196":0,"197":0,"198":0,"201":0,"207":0,"208":0,"214":0,"215":0,"221":0,"222":0,"223":0,"224":0,"228":0,"234":0,"235":0,"236":0,"237":0,"239":0,"240":0,"242":0,"243":0,"245":0,"246":0,"247":0,"248":0,"250":0,"251":0,"253":0,"259":1,"261":0,"262":0,"263":0,"264":0,"265":0,"266":0,"267":0,"268":0,"269":0,"275":0,"276":0,"277":0,"281":0,"282":0,"287":0,"288":0,"293":0,"294":0,"295":0,"296":0,"297":0,"298":0,"299":0,"302":0,"303":0,"308":0,"309":0,"314":0,"315":0,"316":0,"317":0,"318":0,"319":0,"321":0,"324":0,"329":0,"330":0,"331":0,"332":0,"333":0,"334":0,"335":0,"336":0,"337":0,"338":0,"340":0,"342":0,"343":0,"345":0,"346":0,"348":0,"349":0,"352":0,"356":0}},"/home/travis/build/npmtest/node-npmtest-apidoc/node_modules/apidoc/template/utils/send_sample_request.js":{"path":"/home/travis/build/npmtest/node-npmtest-apidoc/node_modules/apidoc/template/utils/send_sample_request.js","s":{"1":2,"2":0,"3":0,"4":0,"5":0,"6":0,"7":0,"8":0,"9":0,"10":0,"11":0,"12":0,"13":0,"14":0,"15":0,"16":0,"17":0,"18":0,"19":1,"20":0,"21":0,"22":0,"23":0,"24":0,"25":0,"26":0,"27":0,"28":0,"29":0,"30":0,"31":0,"32":0,"33":0,"34":0,"35":0,"36":0,"37":0,"38":0,"39":0,"40":0,"41":0,"42":0,"43":0,"44":0,"45":0,"46":0,"47":0,"48":0,"49":0,"50":0,"51":0,"52":0,"53":0,"54":0,"55":0,"56":0,"57":0,"58":0,"59":1,"60":0,"61":0,"62":0,"63":0,"64":0,"65":0,"66":0,"67":1,"68":0,"69":0,"70":0,"71":0,"72":0,"73":0,"74":0,"75":0,"76":0,"77":0,"78":0,"79":0,"80":0,"81":1,"82":0,"83":0,"84":0,"85":0,"86":0,"87":0,"88":0,"89":0,"90":1,"91":0,"92":0,"93":1,"94":0,"95":0,"96":0,"97":0},"b":{"1":[0,0],"2":[0,0],"3":[0,0],"4":[0,0],"5":[0,0],"6":[0,0],"7":[0,0],"8":[0,0],"9":[0,0]},"f":{"1":0,"2":0,"3":0,"4":0,"5":0,"6":0,"7":0,"8":0,"9":0,"10":0,"11":0,"12":0,"13":0,"14":0,"15":0,"16":0,"17":0},"fnMap":{"1":{"name":"(anonymous_1)","line":4,"loc":{"start":{"line":4,"column":3},"end":{"line":4,"column":18}}},"2":{"name":"(anonymous_2)","line":6,"loc":{"start":{"line":6,"column":20},"end":{"line":6,"column":31}}},"3":{"name":"(anonymous_3)","line":9,"loc":{"start":{"line":9,"column":44},"end":{"line":9,"column":56}}},"4":{"name":"(anonymous_4)","line":20,"loc":{"start":{"line":20,"column":45},"end":{"line":20,"column":57}}},"5":{"name":"sendSampleRequest","line":30,"loc":{"start":{"line":30,"column":2},"end":{"line":31,"column":2}}},"6":{"name":"(anonymous_6)","line":36,"loc":{"start":{"line":36,"column":56},"end":{"line":36,"column":77}}},"7":{"name":"(anonymous_7)","line":38,"loc":{"start":{"line":38,"column":82},"end":{"line":38,"column":103}}},"8":{"name":"(anonymous_8)","line":51,"loc":{"start":{"line":51,"column":55},"end":{"line":51,"column":76}}},"9":{"name":"(anonymous_9)","line":53,"loc":{"start":{"line":53,"column":81},"end":{"line":53,"column":102}}},"10":{"name":"(anonymous_10)","line":84,"loc":{"start":{"line":84,"column":21},"end":{"line":84,"column":42}}},"11":{"name":"displaySuccess","line":107,"loc":{"start":{"line":107,"column":6},"end":{"line":107,"column":51}}},"12":{"name":"displayError","line":119,"loc":{"start":{"line":119,"column":6},"end":{"line":119,"column":54}}},"13":{"name":"clearSampleRequest","line":142,"loc":{"start":{"line":142,"column":2},"end":{"line":143,"column":2}}},"14":{"name":"(anonymous_14)","line":151,"loc":{"start":{"line":151,"column":47},"end":{"line":151,"column":68}}},"15":{"name":"refreshScrollSpy","line":162,"loc":{"start":{"line":162,"column":2},"end":{"line":163,"column":2}}},"16":{"name":"(anonymous_16)","line":164,"loc":{"start":{"line":164,"column":36},"end":{"line":164,"column":48}}},"17":{"name":"escapeHtml","line":169,"loc":{"start":{"line":169,"column":2},"end":{"line":169,"column":27}}}},"statementMap":{"1":{"start":{"line":1,"column":0},"end":{"line":182,"column":3}},"2":{"start":{"line":6,"column":2},"end":{"line":28,"column":4}},"3":{"start":{"line":8,"column":6},"end":{"line":8,"column":45}},"4":{"start":{"line":9,"column":6},"end":{"line":16,"column":9}},"5":{"start":{"line":10,"column":10},"end":{"line":10,"column":29}},"6":{"start":{"line":11,"column":10},"end":{"line":11,"column":49}},"7":{"start":{"line":12,"column":10},"end":{"line":12,"column":42}},"8":{"start":{"line":13,"column":10},"end":{"line":13,"column":40}},"9":{"start":{"line":14,"column":10},"end":{"line":14,"column":46}},"10":{"start":{"line":15,"column":10},"end":{"line":15,"column":87}},"11":{"start":{"line":19,"column":6},"end":{"line":19,"column":46}},"12":{"start":{"line":20,"column":6},"end":{"line":27,"column":9}},"13":{"start":{"line":21,"column":10},"end":{"line":21,"column":29}},"14":{"start":{"line":22,"column":10},"end":{"line":22,"column":49}},"15":{"start":{"line":23,"column":10},"end":{"line":23,"column":42}},"16":{"start":{"line":24,"column":10},"end":{"line":24,"column":40}},"17":{"start":{"line":25,"column":10},"end":{"line":25,"column":46}},"18":{"start":{"line":26,"column":10},"end":{"line":26,"column":51}},"19":{"start":{"line":30,"column":2},"end":{"line":140,"column":3}},"20":{"start":{"line":32,"column":6},"end":{"line":32,"column":117}},"21":{"start":{"line":35,"column":6},"end":{"line":35,"column":22}},"22":{"start":{"line":36,"column":6},"end":{"line":46,"column":9}},"23":{"start":{"line":37,"column":10},"end":{"line":37,"column":72}},"24":{"start":{"line":38,"column":10},"end":{"line":45,"column":13}},"25":{"start":{"line":39,"column":12},"end":{"line":39,"column":68}},"26":{"start":{"line":40,"column":12},"end":{"line":40,"column":38}},"27":{"start":{"line":41,"column":12},"end":{"line":43,"column":13}},"28":{"start":{"line":42,"column":16},"end":{"line":42,"column":45}},"29":{"start":{"line":44,"column":12},"end":{"line":44,"column":32}},"30":{"start":{"line":49,"column":6},"end":{"line":49,"column":21}},"31":{"start":{"line":50,"column":6},"end":{"line":50,"column":25}},"32":{"start":{"line":51,"column":6},"end":{"line":62,"column":9}},"33":{"start":{"line":52,"column":10},"end":{"line":52,"column":71}},"34":{"start":{"line":53,"column":10},"end":{"line":61,"column":13}},"35":{"start":{"line":54,"column":12},"end":{"line":54,"column":67}},"36":{"start":{"line":55,"column":12},"end":{"line":55,"column":38}},"37":{"start":{"line":56,"column":12},"end":{"line":58,"column":13}},"38":{"start":{"line":57,"column":16},"end":{"line":57,"column":45}},"39":{"start":{"line":59,"column":12},"end":{"line":59,"column":31}},"40":{"start":{"line":60,"column":12},"end":{"line":60,"column":54}},"41":{"start":{"line":65,"column":6},"end":{"line":65,"column":56}},"42":{"start":{"line":68,"column":6},"end":{"line":68,"column":44}},"43":{"start":{"line":69,"column":6},"end":{"line":69,"column":38}},"44":{"start":{"line":70,"column":6},"end":{"line":78,"column":7}},"45":{"start":{"line":71,"column":10},"end":{"line":71,"column":41}},"46":{"start":{"line":72,"column":10},"end":{"line":77,"column":11}},"47":{"start":{"line":73,"column":14},"end":{"line":73,"column":76}},"48":{"start":{"line":76,"column":14},"end":{"line":76,"column":32}},"49":{"start":{"line":80,"column":6},"end":{"line":80,"column":60}},"50":{"start":{"line":81,"column":6},"end":{"line":81,"column":69}},"51":{"start":{"line":82,"column":6},"end":{"line":82,"column":25}},"52":{"start":{"line":84,"column":6},"end":{"line":92,"column":9}},"53":{"start":{"line":85,"column":10},"end":{"line":85,"column":49}},"54":{"start":{"line":86,"column":10},"end":{"line":91,"column":11}},"55":{"start":{"line":87,"column":14},"end":{"line":90,"column":15}},"56":{"start":{"line":88,"column":18},"end":{"line":88,"column":51}},"57":{"start":{"line":95,"column":6},"end":{"line":102,"column":8}},"58":{"start":{"line":104,"column":6},"end":{"line":104,"column":26}},"59":{"start":{"line":107,"column":6},"end":{"line":117,"column":7}},"60":{"start":{"line":108,"column":10},"end":{"line":108,"column":27}},"61":{"start":{"line":109,"column":10},"end":{"line":114,"column":11}},"62":{"start":{"line":110,"column":14},"end":{"line":110,"column":60}},"63":{"start":{"line":111,"column":14},"end":{"line":111,"column":67}},"64":{"start":{"line":113,"column":14},"end":{"line":113,"column":34}},"65":{"start":{"line":115,"column":10},"end":{"line":115,"column":73}},"66":{"start":{"line":116,"column":10},"end":{"line":116,"column":29}},"67":{"start":{"line":119,"column":6},"end":{"line":139,"column":7}},"68":{"start":{"line":120,"column":10},"end":{"line":120,"column":63}},"69":{"start":{"line":121,"column":10},"end":{"line":121,"column":27}},"70":{"start":{"line":122,"column":10},"end":{"line":127,"column":11}},"71":{"start":{"line":123,"column":14},"end":{"line":123,"column":60}},"72":{"start":{"line":124,"column":14},"end":{"line":124,"column":67}},"73":{"start":{"line":126,"column":14},"end":{"line":126,"column":56}},"74":{"start":{"line":129,"column":10},"end":{"line":130,"column":47}},"75":{"start":{"line":130,"column":14},"end":{"line":130,"column":47}},"76":{"start":{"line":133,"column":10},"end":{"line":134,"column":68}},"77":{"start":{"line":134,"column":14},"end":{"line":134,"column":68}},"78":{"start":{"line":136,"column":10},"end":{"line":136,"column":64}},"79":{"start":{"line":137,"column":10},"end":{"line":137,"column":68}},"80":{"start":{"line":138,"column":10},"end":{"line":138,"column":29}},"81":{"start":{"line":142,"column":2},"end":{"line":160,"column":3}},"82":{"start":{"line":144,"column":6},"end":{"line":144,"column":117}},"83":{"start":{"line":147,"column":6},"end":{"line":147,"column":59}},"84":{"start":{"line":148,"column":6},"end":{"line":148,"column":52}},"85":{"start":{"line":151,"column":6},"end":{"line":153,"column":9}},"86":{"start":{"line":152,"column":10},"end":{"line":152,"column":29}},"87":{"start":{"line":156,"column":6},"end":{"line":156,"column":58}},"88":{"start":{"line":157,"column":6},"end":{"line":157,"column":56}},"89":{"start":{"line":159,"column":6},"end":{"line":159,"column":25}},"90":{"start":{"line":162,"column":2},"end":{"line":167,"column":3}},"91":{"start":{"line":164,"column":6},"end":{"line":166,"column":9}},"92":{"start":{"line":165,"column":10},"end":{"line":165,"column":39}},"93":{"start":{"line":169,"column":2},"end":{"line":173,"column":3}},"94":{"start":{"line":170,"column":6},"end":{"line":170,"column":46}},"95":{"start":{"line":171,"column":6},"end":{"line":171,"column":52}},"96":{"start":{"line":172,"column":6},"end":{"line":172,"column":27}},"97":{"start":{"line":178,"column":2},"end":{"line":180,"column":4}}},"branchMap":{"1":{"line":41,"type":"if","locations":[{"start":{"line":41,"column":12},"end":{"line":41,"column":12}},{"start":{"line":41,"column":12},"end":{"line":41,"column":12}}]},"2":{"line":41,"type":"binary-expr","locations":[{"start":{"line":41,"column":17},"end":{"line":41,"column":35}},{"start":{"line":41,"column":39},"end":{"line":41,"column":66}}]},"3":{"line":56,"type":"if","locations":[{"start":{"line":56,"column":12},"end":{"line":56,"column":12}},{"start":{"line":56,"column":12},"end":{"line":56,"column":12}}]},"4":{"line":56,"type":"binary-expr","locations":[{"start":{"line":56,"column":17},"end":{"line":56,"column":35}},{"start":{"line":56,"column":39},"end":{"line":56,"column":66}}]},"5":{"line":72,"type":"if","locations":[{"start":{"line":72,"column":10},"end":{"line":72,"column":10}},{"start":{"line":72,"column":10},"end":{"line":72,"column":10}}]},"6":{"line":86,"type":"if","locations":[{"start":{"line":86,"column":10},"end":{"line":86,"column":10}},{"start":{"line":86,"column":10},"end":{"line":86,"column":10}}]},"7":{"line":86,"type":"binary-expr","locations":[{"start":{"line":86,"column":15},"end":{"line":86,"column":29}},{"start":{"line":86,"column":33},"end":{"line":86,"column":46}}]},"8":{"line":129,"type":"if","locations":[{"start":{"line":129,"column":10},"end":{"line":129,"column":10}},{"start":{"line":129,"column":10},"end":{"line":129,"column":10}}]},"9":{"line":133,"type":"if","locations":[{"start":{"line":133,"column":10},"end":{"line":133,"column":10}},{"start":{"line":133,"column":10},"end":{"line":133,"column":10}}]}},"code":["define([","  'jquery',","  'lodash'","], function($, _) {","","  var initDynamic = function() {","      // Button send","      $(\".sample-request-send\").off(\"click\");","      $(\".sample-request-send\").on(\"click\", function(e) {","          e.preventDefault();","          var $root = $(this).parents(\"article\");","          var group = $root.data(\"group\");","          var name = $root.data(\"name\");","          var version = $root.data(\"version\");","          sendSampleRequest(group, name, version, $(this).data(\"sample-request-type\"));","      });","","      // Button clear","      $(\".sample-request-clear\").off(\"click\");","      $(\".sample-request-clear\").on(\"click\", function(e) {","          e.preventDefault();","          var $root = $(this).parents(\"article\");","          var group = $root.data(\"group\");","          var name = $root.data(\"name\");","          var version = $root.data(\"version\");","          clearSampleRequest(group, name, version);","      });","  }; // initDynamic","","  function sendSampleRequest(group, name, version, type)","  {","      var $root = $('article[data-group=\"' + group + '\"][data-name=\"' + name + '\"][data-version=\"' + version + '\"]');","","      // Optional header","      var header = {};","      $root.find(\".sample-request-header:checked\").each(function(i, element) {","          var group = $(element).data(\"sample-request-header-group-id\");","          $root.find(\"[data-sample-request-header-group=\\\"\" + group + \"\\\"]\").each(function(i, element) {","            var key = $(element).data(\"sample-request-header-name\");","            var value = element.value;","            if ( ! element.optional && element.defaultValue !== '') {","                value = element.defaultValue;","            }","            header[key] = value;","          });","      });","","      // create JSON dictionary of parameters","      var param = {};","      var paramType = {};","      $root.find(\".sample-request-param:checked\").each(function(i, element) {","          var group = $(element).data(\"sample-request-param-group-id\");","          $root.find(\"[data-sample-request-param-group=\\\"\" + group + \"\\\"]\").each(function(i, element) {","            var key = $(element).data(\"sample-request-param-name\");","            var value = element.value;","            if ( ! element.optional && element.defaultValue !== '') {","                value = element.defaultValue;","            }","            param[key] = value;","            paramType[key] = $(element).next().text();","          });","      });","","      // grab user-inputted URL","      var url = $root.find(\".sample-request-url\").val();","","      // Insert url parameter","      var pattern = pathToRegexp(url, null);","      var matches = pattern.exec(url);","      for (var i = 1; i < matches.length; i++) {","          var key = matches[i].substr(1);","          if (param[key] !== undefined) {","              url = url.replace(matches[i], encodeURIComponent(param[key]));","","              // remove URL parameters from list","              delete param[key];","          }","      } // for","","      $root.find(\".sample-request-response\").fadeTo(250, 1);","      $root.find(\".sample-request-response-json\").html(\"Loading...\");","      refreshScrollSpy();","","      _.each( param, function( val, key ) {","          var t = paramType[ key ].toLowerCase();","          if ( t === 'object' || t === 'array' ) {","              try {","                  param[ key ] = JSON.parse( val );","              } catch (e) {","              }","          }","      });","","      // send AJAX request, catch success or error callback","      var ajaxRequest = {","          url        : url,","          headers    : header,","          data       : param,","          type       : type.toUpperCase(),","          success    : displaySuccess,","          error      : displayError","      };","","      $.ajax(ajaxRequest);","","","      function displaySuccess(data, status, jqXHR) {","          var jsonResponse;","          try {","              jsonResponse = JSON.parse(jqXHR.responseText);","              jsonResponse = JSON.stringify(jsonResponse, null, 4);","          } catch (e) {","              jsonResponse = data;","          }","          $root.find(\".sample-request-response-json\").html(jsonResponse);","          refreshScrollSpy();","      };","","      function displayError(jqXHR, textStatus, error) {","          var message = \"Error \" + jqXHR.status + \": \" + error;","          var jsonResponse;","          try {","              jsonResponse = JSON.parse(jqXHR.responseText);","              jsonResponse = JSON.stringify(jsonResponse, null, 4);","          } catch (e) {","              jsonResponse = escape(jqXHR.responseText);","          }","","          if (jsonResponse)","              message += \"<br>\" + jsonResponse;","","          // flicker on previous error to make clear that there is a new response","          if($root.find(\".sample-request-response\").is(\":visible\"))","              $root.find(\".sample-request-response\").fadeTo(1, 0.1);","","          $root.find(\".sample-request-response\").fadeTo(250, 1);","          $root.find(\".sample-request-response-json\").html(message);","          refreshScrollSpy();","      };","  }","","  function clearSampleRequest(group, name, version)","  {","      var $root = $('article[data-group=\"' + group + '\"][data-name=\"' + name + '\"][data-version=\"' + version + '\"]');","","      // hide sample response","      $root.find(\".sample-request-response-json\").html(\"\");","      $root.find(\".sample-request-response\").hide();","","      // reset value of parameters","      $root.find(\".sample-request-param\").each(function(i, element) {","          element.value = \"\";","      });","","      // restore default URL","      var $urlElement = $root.find(\".sample-request-url\");","      $urlElement.val($urlElement.prop(\"defaultValue\"));","","      refreshScrollSpy();","  }","","  function refreshScrollSpy()","  {","      $('[data-spy=\"scroll\"]').each(function () {","          $(this).scrollspy(\"refresh\");","      });","  }","","  function escapeHtml(str) {","      var div = document.createElement(\"div\");","      div.appendChild(document.createTextNode(str));","      return div.innerHTML;","  }","","  /**","   * Exports.","   */","  return {","      initDynamic: initDynamic","  };","","});",""],"l":{"1":2,"6":0,"8":0,"9":0,"10":0,"11":0,"12":0,"13":0,"14":0,"15":0,"19":0,"20":0,"21":0,"22":0,"23":0,"24":0,"25":0,"26":0,"30":1,"32":0,"35":0,"36":0,"37":0,"38":0,"39":0,"40":0,"41":0,"42":0,"44":0,"49":0,"50":0,"51":0,"52":0,"53":0,"54":0,"55":0,"56":0,"57":0,"59":0,"60":0,"65":0,"68":0,"69":0,"70":0,"71":0,"72":0,"73":0,"76":0,"80":0,"81":0,"82":0,"84":0,"85":0,"86":0,"87":0,"88":0,"95":0,"104":0,"107":1,"108":0,"109":0,"110":0,"111":0,"113":0,"115":0,"116":0,"119":1,"120":0,"121":0,"122":0,"123":0,"124":0,"126":0,"129":0,"130":0,"133":0,"134":0,"136":0,"137":0,"138":0,"142":1,"144":0,"147":0,"148":0,"151":0,"152":0,"156":0,"157":0,"159":0,"162":1,"164":0,"165":0,"169":1,"170":0,"171":0,"172":0,"178":0}}}